2022-01-09 23:52:55,359 INFO    MainThread:79562 [internal.py:wandb_internal():87] W&B internal server running at pid: 79562, started at: 2022-01-09 23:52:55.359449
2022-01-09 23:52:55,361 DEBUG   HandlerThread:79562 [handler.py:handle_request():130] handle_request: check_version
2022-01-09 23:52:55,361 INFO    WriterThread:79562 [datastore.py:open_for_write():77] open: /home/runnphoenix/work/flatland-rl/rainbow/wandb/run-20220109_235254-2a1fso5g/run-2a1fso5g.wandb
2022-01-09 23:52:55,362 DEBUG   SenderThread:79562 [sender.py:send():238] send: header
2022-01-09 23:52:55,362 DEBUG   SenderThread:79562 [sender.py:send_request():252] send_request: check_version
2022-01-09 23:52:57,042 DEBUG   SenderThread:79562 [sender.py:send():238] send: run
2022-01-09 23:52:59,088 INFO    SenderThread:79562 [dir_watcher.py:__init__():169] watching files in: /home/runnphoenix/work/flatland-rl/rainbow/wandb/run-20220109_235254-2a1fso5g/files
2022-01-09 23:52:59,088 INFO    SenderThread:79562 [sender.py:_start_run_threads():825] run started: 2a1fso5g with start time 1641743574
2022-01-09 23:52:59,089 DEBUG   SenderThread:79562 [sender.py:send():238] send: summary
2022-01-09 23:52:59,089 INFO    SenderThread:79562 [sender.py:_save_file():960] saving file wandb-summary.json with policy end
2022-01-09 23:52:59,090 DEBUG   HandlerThread:79562 [handler.py:handle_request():130] handle_request: run_start
2022-01-09 23:52:59,094 DEBUG   HandlerThread:79562 [meta.py:__init__():40] meta init
2022-01-09 23:52:59,094 DEBUG   HandlerThread:79562 [meta.py:__init__():54] meta init done
2022-01-09 23:52:59,094 DEBUG   HandlerThread:79562 [meta.py:probe():214] probe
2022-01-09 23:52:59,101 DEBUG   HandlerThread:79562 [meta.py:_setup_git():204] setup git
2022-01-09 23:52:59,113 DEBUG   HandlerThread:79562 [meta.py:_setup_git():211] setup git done
2022-01-09 23:52:59,114 DEBUG   HandlerThread:79562 [meta.py:_save_pip():58] save pip
2022-01-09 23:52:59,114 DEBUG   HandlerThread:79562 [meta.py:_save_pip():72] save pip done
2022-01-09 23:52:59,115 DEBUG   HandlerThread:79562 [meta.py:_save_conda():79] save conda
2022-01-09 23:53:00,090 INFO    Thread-8  :79562 [dir_watcher.py:_on_file_created():217] file/dir created: /home/runnphoenix/work/flatland-rl/rainbow/wandb/run-20220109_235254-2a1fso5g/files/requirements.txt
2022-01-09 23:53:00,090 INFO    Thread-8  :79562 [dir_watcher.py:_on_file_created():217] file/dir created: /home/runnphoenix/work/flatland-rl/rainbow/wandb/run-20220109_235254-2a1fso5g/files/wandb-summary.json
2022-01-09 23:53:00,091 INFO    Thread-8  :79562 [dir_watcher.py:_on_file_created():217] file/dir created: /home/runnphoenix/work/flatland-rl/rainbow/wandb/run-20220109_235254-2a1fso5g/files/conda-environment.yaml
2022-01-09 23:53:05,090 INFO    Thread-8  :79562 [dir_watcher.py:_on_file_created():217] file/dir created: /home/runnphoenix/work/flatland-rl/rainbow/wandb/run-20220109_235254-2a1fso5g/files/output.log
2022-01-09 23:53:07,091 INFO    Thread-8  :79562 [dir_watcher.py:_on_file_modified():230] file/dir modified: /home/runnphoenix/work/flatland-rl/rainbow/wandb/run-20220109_235254-2a1fso5g/files/output.log
2022-01-09 23:53:09,091 INFO    Thread-8  :79562 [dir_watcher.py:_on_file_modified():230] file/dir modified: /home/runnphoenix/work/flatland-rl/rainbow/wandb/run-20220109_235254-2a1fso5g/files/output.log
2022-01-09 23:53:11,996 DEBUG   HandlerThread:79562 [meta.py:_save_conda():89] save conda done
2022-01-09 23:53:11,996 DEBUG   HandlerThread:79562 [meta.py:probe():252] probe done
2022-01-09 23:53:12,093 INFO    Thread-8  :79562 [dir_watcher.py:_on_file_modified():230] file/dir modified: /home/runnphoenix/work/flatland-rl/rainbow/wandb/run-20220109_235254-2a1fso5g/files/conda-environment.yaml
2022-01-09 23:53:12,093 INFO    Thread-8  :79562 [dir_watcher.py:_on_file_created():217] file/dir created: /home/runnphoenix/work/flatland-rl/rainbow/wandb/run-20220109_235254-2a1fso5g/files/wandb-metadata.json
2022-01-09 23:53:12,157 DEBUG   HandlerThread:79562 [handler.py:handle_request():130] handle_request: stop_status
2022-01-09 23:53:12,157 DEBUG   SenderThread:79562 [sender.py:send_request():252] send_request: stop_status
2022-01-09 23:53:14,342 DEBUG   SenderThread:79562 [sender.py:send():238] send: files
2022-01-09 23:53:14,344 INFO    SenderThread:79562 [sender.py:_save_file():960] saving file wandb-metadata.json with policy now
2022-01-09 23:53:17,824 INFO    Thread-11 :79562 [upload_job.py:push():137] Uploaded file /tmp/tmphmrl9wbtwandb/5bu5zwag-wandb-metadata.json
2022-01-09 23:53:24,094 DEBUG   HandlerThread:79562 [handler.py:handle_request():130] handle_request: stop_status
2022-01-09 23:53:24,094 DEBUG   SenderThread:79562 [sender.py:send_request():252] send_request: stop_status
2022-01-09 23:53:27,352 DEBUG   SenderThread:79562 [sender.py:send():238] send: stats
2022-01-09 23:53:28,788 DEBUG   SenderThread:79562 [sender.py:send():238] send: history
2022-01-09 23:53:28,789 DEBUG   SenderThread:79562 [sender.py:send():238] send: summary
2022-01-09 23:53:28,791 INFO    SenderThread:79562 [sender.py:_save_file():960] saving file wandb-summary.json with policy end
2022-01-09 23:53:29,098 INFO    Thread-8  :79562 [dir_watcher.py:_on_file_modified():230] file/dir modified: /home/runnphoenix/work/flatland-rl/rainbow/wandb/run-20220109_235254-2a1fso5g/files/wandb-summary.json
2022-01-09 23:53:31,098 INFO    Thread-8  :79562 [dir_watcher.py:_on_file_modified():230] file/dir modified: /home/runnphoenix/work/flatland-rl/rainbow/wandb/run-20220109_235254-2a1fso5g/files/output.log
2022-01-09 23:53:40,609 DEBUG   HandlerThread:79562 [handler.py:handle_request():130] handle_request: stop_status
2022-01-09 23:53:40,609 DEBUG   SenderThread:79562 [sender.py:send_request():252] send_request: stop_status
2022-01-09 23:53:56,378 DEBUG   HandlerThread:79562 [handler.py:handle_request():130] handle_request: stop_status
2022-01-09 23:53:56,378 DEBUG   SenderThread:79562 [sender.py:send_request():252] send_request: stop_status
2022-01-09 23:53:57,761 DEBUG   SenderThread:79562 [sender.py:send():238] send: stats
2022-01-09 23:54:12,764 DEBUG   HandlerThread:79562 [handler.py:handle_request():130] handle_request: stop_status
2022-01-09 23:54:12,765 DEBUG   SenderThread:79562 [sender.py:send_request():252] send_request: stop_status
2022-01-09 23:54:27,810 DEBUG   SenderThread:79562 [sender.py:send():238] send: stats
2022-01-09 23:54:28,840 DEBUG   HandlerThread:79562 [handler.py:handle_request():130] handle_request: stop_status
2022-01-09 23:54:28,840 DEBUG   SenderThread:79562 [sender.py:send_request():252] send_request: stop_status
2022-01-09 23:54:45,019 DEBUG   HandlerThread:79562 [handler.py:handle_request():130] handle_request: stop_status
2022-01-09 23:54:45,020 DEBUG   SenderThread:79562 [sender.py:send_request():252] send_request: stop_status
2022-01-09 23:54:47,429 DEBUG   SenderThread:79562 [sender.py:send():238] send: history
2022-01-09 23:54:47,431 DEBUG   SenderThread:79562 [sender.py:send():238] send: summary
2022-01-09 23:54:47,435 INFO    SenderThread:79562 [sender.py:_save_file():960] saving file wandb-summary.json with policy end
2022-01-09 23:54:48,118 INFO    Thread-8  :79562 [dir_watcher.py:_on_file_modified():230] file/dir modified: /home/runnphoenix/work/flatland-rl/rainbow/wandb/run-20220109_235254-2a1fso5g/files/wandb-summary.json
2022-01-09 23:54:49,118 INFO    Thread-8  :79562 [dir_watcher.py:_on_file_modified():230] file/dir modified: /home/runnphoenix/work/flatland-rl/rainbow/wandb/run-20220109_235254-2a1fso5g/files/output.log
2022-01-09 23:54:58,041 DEBUG   SenderThread:79562 [sender.py:send():238] send: stats
2022-01-09 23:55:02,327 DEBUG   HandlerThread:79562 [handler.py:handle_request():130] handle_request: stop_status
2022-01-09 23:55:02,327 DEBUG   SenderThread:79562 [sender.py:send_request():252] send_request: stop_status
2022-01-09 23:55:20,553 DEBUG   HandlerThread:79562 [handler.py:handle_request():130] handle_request: stop_status
2022-01-09 23:55:20,553 DEBUG   SenderThread:79562 [sender.py:send_request():252] send_request: stop_status
2022-01-09 23:55:28,276 DEBUG   SenderThread:79562 [sender.py:send():238] send: stats
2022-01-09 23:55:36,990 DEBUG   HandlerThread:79562 [handler.py:handle_request():130] handle_request: stop_status
2022-01-09 23:55:36,990 DEBUG   SenderThread:79562 [sender.py:send_request():252] send_request: stop_status
2022-01-09 23:55:53,631 DEBUG   HandlerThread:79562 [handler.py:handle_request():130] handle_request: stop_status
2022-01-09 23:55:53,631 DEBUG   SenderThread:79562 [sender.py:send_request():252] send_request: stop_status
2022-01-09 23:55:58,503 DEBUG   SenderThread:79562 [sender.py:send():238] send: stats
2022-01-09 23:56:10,013 DEBUG   HandlerThread:79562 [handler.py:handle_request():130] handle_request: stop_status
2022-01-09 23:56:10,014 DEBUG   SenderThread:79562 [sender.py:send_request():252] send_request: stop_status
2022-01-09 23:56:26,563 DEBUG   HandlerThread:79562 [handler.py:handle_request():130] handle_request: stop_status
2022-01-09 23:56:26,563 DEBUG   SenderThread:79562 [sender.py:send_request():252] send_request: stop_status
2022-01-09 23:56:28,741 DEBUG   SenderThread:79562 [sender.py:send():238] send: stats
2022-01-09 23:56:33,341 DEBUG   SenderThread:79562 [sender.py:send():238] send: history
2022-01-09 23:56:33,342 DEBUG   SenderThread:79562 [sender.py:send():238] send: summary
2022-01-09 23:56:33,345 INFO    SenderThread:79562 [sender.py:_save_file():960] saving file wandb-summary.json with policy end
2022-01-09 23:56:34,146 INFO    Thread-8  :79562 [dir_watcher.py:_on_file_modified():230] file/dir modified: /home/runnphoenix/work/flatland-rl/rainbow/wandb/run-20220109_235254-2a1fso5g/files/wandb-summary.json
2022-01-09 23:56:35,147 INFO    Thread-8  :79562 [dir_watcher.py:_on_file_modified():230] file/dir modified: /home/runnphoenix/work/flatland-rl/rainbow/wandb/run-20220109_235254-2a1fso5g/files/output.log
2022-01-09 23:56:42,988 DEBUG   HandlerThread:79562 [handler.py:handle_request():130] handle_request: stop_status
2022-01-09 23:56:42,988 DEBUG   SenderThread:79562 [sender.py:send_request():252] send_request: stop_status
2022-01-09 23:56:58,962 DEBUG   HandlerThread:79562 [handler.py:handle_request():130] handle_request: stop_status
2022-01-09 23:56:58,962 DEBUG   SenderThread:79562 [sender.py:send_request():252] send_request: stop_status
2022-01-09 23:57:00,345 DEBUG   SenderThread:79562 [sender.py:send():238] send: stats
2022-01-09 23:57:15,346 DEBUG   HandlerThread:79562 [handler.py:handle_request():130] handle_request: stop_status
2022-01-09 23:57:15,346 DEBUG   SenderThread:79562 [sender.py:send_request():252] send_request: stop_status
2022-01-09 23:57:29,212 DEBUG   SenderThread:79562 [sender.py:send():238] send: stats
2022-01-09 23:57:31,017 DEBUG   HandlerThread:79562 [handler.py:handle_request():130] handle_request: stop_status
2022-01-09 23:57:31,017 DEBUG   SenderThread:79562 [sender.py:send_request():252] send_request: stop_status
2022-01-09 23:57:46,784 DEBUG   HandlerThread:79562 [handler.py:handle_request():130] handle_request: stop_status
2022-01-09 23:57:46,784 DEBUG   SenderThread:79562 [sender.py:send_request():252] send_request: stop_status
2022-01-09 23:57:59,448 DEBUG   SenderThread:79562 [sender.py:send():238] send: stats
2022-01-09 23:58:02,758 DEBUG   HandlerThread:79562 [handler.py:handle_request():130] handle_request: stop_status
2022-01-09 23:58:02,758 DEBUG   SenderThread:79562 [sender.py:send_request():252] send_request: stop_status
2022-01-09 23:58:19,245 DEBUG   HandlerThread:79562 [handler.py:handle_request():130] handle_request: stop_status
2022-01-09 23:58:19,245 DEBUG   SenderThread:79562 [sender.py:send_request():252] send_request: stop_status
2022-01-09 23:58:29,677 DEBUG   SenderThread:79562 [sender.py:send():238] send: stats
2022-01-09 23:58:35,117 DEBUG   HandlerThread:79562 [handler.py:handle_request():130] handle_request: stop_status
2022-01-09 23:58:35,118 DEBUG   SenderThread:79562 [sender.py:send_request():252] send_request: stop_status
2022-01-09 23:58:46,124 DEBUG   SenderThread:79562 [sender.py:send():238] send: history
2022-01-09 23:58:46,125 DEBUG   SenderThread:79562 [sender.py:send():238] send: summary
2022-01-09 23:58:46,127 INFO    SenderThread:79562 [sender.py:_save_file():960] saving file wandb-summary.json with policy end
2022-01-09 23:58:46,182 INFO    Thread-8  :79562 [dir_watcher.py:_on_file_modified():230] file/dir modified: /home/runnphoenix/work/flatland-rl/rainbow/wandb/run-20220109_235254-2a1fso5g/files/wandb-summary.json
2022-01-09 23:58:49,182 INFO    Thread-8  :79562 [dir_watcher.py:_on_file_modified():230] file/dir modified: /home/runnphoenix/work/flatland-rl/rainbow/wandb/run-20220109_235254-2a1fso5g/files/output.log
2022-01-09 23:58:51,401 DEBUG   HandlerThread:79562 [handler.py:handle_request():130] handle_request: stop_status
2022-01-09 23:58:51,402 DEBUG   SenderThread:79562 [sender.py:send_request():252] send_request: stop_status
2022-01-09 23:58:59,904 DEBUG   SenderThread:79562 [sender.py:send():238] send: stats
2022-01-09 23:59:07,169 DEBUG   HandlerThread:79562 [handler.py:handle_request():130] handle_request: stop_status
2022-01-09 23:59:07,170 DEBUG   SenderThread:79562 [sender.py:send_request():252] send_request: stop_status
2022-01-09 23:59:23,554 DEBUG   HandlerThread:79562 [handler.py:handle_request():130] handle_request: stop_status
2022-01-09 23:59:23,554 DEBUG   SenderThread:79562 [sender.py:send_request():252] send_request: stop_status
2022-01-09 23:59:30,128 DEBUG   SenderThread:79562 [sender.py:send():238] send: stats
2022-01-09 23:59:39,836 DEBUG   HandlerThread:79562 [handler.py:handle_request():130] handle_request: stop_status
2022-01-09 23:59:39,836 DEBUG   SenderThread:79562 [sender.py:send_request():252] send_request: stop_status
2022-01-09 23:59:58,525 DEBUG   HandlerThread:79562 [handler.py:handle_request():130] handle_request: stop_status
2022-01-09 23:59:58,525 DEBUG   SenderThread:79562 [sender.py:send_request():252] send_request: stop_status
2022-01-10 00:00:00,371 DEBUG   SenderThread:79562 [sender.py:send():238] send: stats
2022-01-10 00:00:14,344 DEBUG   HandlerThread:79562 [handler.py:handle_request():130] handle_request: stop_status
2022-01-10 00:00:14,345 DEBUG   SenderThread:79562 [sender.py:send_request():252] send_request: stop_status
2022-01-10 00:00:30,639 DEBUG   SenderThread:79562 [sender.py:send():238] send: stats
2022-01-10 00:00:31,548 DEBUG   HandlerThread:79562 [handler.py:handle_request():130] handle_request: stop_status
2022-01-10 00:00:31,548 DEBUG   SenderThread:79562 [sender.py:send_request():252] send_request: stop_status
2022-01-10 00:00:47,831 DEBUG   HandlerThread:79562 [handler.py:handle_request():130] handle_request: stop_status
2022-01-10 00:00:47,832 DEBUG   SenderThread:79562 [sender.py:send_request():252] send_request: stop_status
2022-01-10 00:01:00,860 DEBUG   SenderThread:79562 [sender.py:send():238] send: stats
2022-01-10 00:01:04,112 DEBUG   HandlerThread:79562 [handler.py:handle_request():130] handle_request: stop_status
2022-01-10 00:01:04,112 DEBUG   SenderThread:79562 [sender.py:send_request():252] send_request: stop_status
2022-01-10 00:01:20,496 DEBUG   HandlerThread:79562 [handler.py:handle_request():130] handle_request: stop_status
2022-01-10 00:01:20,496 DEBUG   SenderThread:79562 [sender.py:send_request():252] send_request: stop_status
2022-01-10 00:01:22,520 DEBUG   SenderThread:79562 [sender.py:send():238] send: history
2022-01-10 00:01:22,522 DEBUG   SenderThread:79562 [sender.py:send():238] send: summary
2022-01-10 00:01:22,524 INFO    SenderThread:79562 [sender.py:_save_file():960] saving file wandb-summary.json with policy end
2022-01-10 00:01:23,224 INFO    Thread-8  :79562 [dir_watcher.py:_on_file_modified():230] file/dir modified: /home/runnphoenix/work/flatland-rl/rainbow/wandb/run-20220109_235254-2a1fso5g/files/wandb-summary.json
2022-01-10 00:01:25,224 INFO    Thread-8  :79562 [dir_watcher.py:_on_file_modified():230] file/dir modified: /home/runnphoenix/work/flatland-rl/rainbow/wandb/run-20220109_235254-2a1fso5g/files/output.log
2022-01-10 00:01:31,112 DEBUG   SenderThread:79562 [sender.py:send():238] send: stats
2022-01-10 00:01:36,880 DEBUG   HandlerThread:79562 [handler.py:handle_request():130] handle_request: stop_status
2022-01-10 00:01:36,880 DEBUG   SenderThread:79562 [sender.py:send_request():252] send_request: stop_status
2022-01-10 00:01:52,606 DEBUG   HandlerThread:79562 [handler.py:handle_request():130] handle_request: stop_status
2022-01-10 00:01:52,607 DEBUG   SenderThread:79562 [sender.py:send_request():252] send_request: stop_status
2022-01-10 00:02:01,348 DEBUG   SenderThread:79562 [sender.py:send():238] send: stats
2022-01-10 00:02:08,727 DEBUG   HandlerThread:79562 [handler.py:handle_request():130] handle_request: stop_status
2022-01-10 00:02:08,727 DEBUG   SenderThread:79562 [sender.py:send_request():252] send_request: stop_status
2022-01-10 00:02:25,419 DEBUG   HandlerThread:79562 [handler.py:handle_request():130] handle_request: stop_status
2022-01-10 00:02:25,419 DEBUG   SenderThread:79562 [sender.py:send_request():252] send_request: stop_status
2022-01-10 00:02:31,581 DEBUG   SenderThread:79562 [sender.py:send():238] send: stats
2022-01-10 00:02:42,008 DEBUG   HandlerThread:79562 [handler.py:handle_request():130] handle_request: stop_status
2022-01-10 00:02:42,008 DEBUG   SenderThread:79562 [sender.py:send_request():252] send_request: stop_status
2022-01-10 00:02:57,880 DEBUG   HandlerThread:79562 [handler.py:handle_request():130] handle_request: stop_status
2022-01-10 00:02:57,880 DEBUG   SenderThread:79562 [sender.py:send_request():252] send_request: stop_status
2022-01-10 00:03:01,801 DEBUG   SenderThread:79562 [sender.py:send():238] send: stats
2022-01-10 00:03:13,854 DEBUG   HandlerThread:79562 [handler.py:handle_request():130] handle_request: stop_status
2022-01-10 00:03:13,855 DEBUG   SenderThread:79562 [sender.py:send_request():252] send_request: stop_status
2022-01-10 00:03:31,570 DEBUG   HandlerThread:79562 [handler.py:handle_request():130] handle_request: stop_status
2022-01-10 00:03:31,570 DEBUG   SenderThread:79562 [sender.py:send_request():252] send_request: stop_status
2022-01-10 00:03:32,703 DEBUG   SenderThread:79562 [sender.py:send():238] send: stats
2022-01-10 00:03:47,706 DEBUG   HandlerThread:79562 [handler.py:handle_request():130] handle_request: stop_status
2022-01-10 00:03:47,706 DEBUG   SenderThread:79562 [sender.py:send_request():252] send_request: stop_status
2022-01-10 00:04:02,270 DEBUG   SenderThread:79562 [sender.py:send():238] send: stats
2022-01-10 00:04:04,030 DEBUG   HandlerThread:79562 [handler.py:handle_request():130] handle_request: stop_status
2022-01-10 00:04:04,030 DEBUG   SenderThread:79562 [sender.py:send_request():252] send_request: stop_status
2022-01-10 00:04:20,518 DEBUG   HandlerThread:79562 [handler.py:handle_request():130] handle_request: stop_status
2022-01-10 00:04:20,518 DEBUG   SenderThread:79562 [sender.py:send_request():252] send_request: stop_status
2022-01-10 00:04:29,656 DEBUG   SenderThread:79562 [sender.py:send():238] send: history
2022-01-10 00:04:29,657 DEBUG   SenderThread:79562 [sender.py:send():238] send: summary
2022-01-10 00:04:29,661 INFO    SenderThread:79562 [sender.py:_save_file():960] saving file wandb-summary.json with policy end
2022-01-10 00:04:30,273 INFO    Thread-8  :79562 [dir_watcher.py:_on_file_modified():230] file/dir modified: /home/runnphoenix/work/flatland-rl/rainbow/wandb/run-20220109_235254-2a1fso5g/files/wandb-summary.json
2022-01-10 00:04:31,273 INFO    Thread-8  :79562 [dir_watcher.py:_on_file_modified():230] file/dir modified: /home/runnphoenix/work/flatland-rl/rainbow/wandb/run-20220109_235254-2a1fso5g/files/output.log
2022-01-10 00:04:32,492 DEBUG   SenderThread:79562 [sender.py:send():238] send: stats
2022-01-10 00:04:38,029 DEBUG   HandlerThread:79562 [handler.py:handle_request():130] handle_request: stop_status
2022-01-10 00:04:38,029 DEBUG   SenderThread:79562 [sender.py:send_request():252] send_request: stop_status
2022-01-10 00:04:54,011 DEBUG   HandlerThread:79562 [handler.py:handle_request():130] handle_request: stop_status
2022-01-10 00:04:54,011 DEBUG   SenderThread:79562 [sender.py:send_request():252] send_request: stop_status
2022-01-10 00:05:02,730 DEBUG   SenderThread:79562 [sender.py:send():238] send: stats
2022-01-10 00:05:14,011 DEBUG   HandlerThread:79562 [handler.py:handle_request():130] handle_request: stop_status
2022-01-10 00:05:14,012 DEBUG   SenderThread:79562 [sender.py:send_request():252] send_request: stop_status
2022-01-10 00:05:34,012 DEBUG   HandlerThread:79562 [handler.py:handle_request():130] handle_request: stop_status
2022-01-10 00:05:47,383 ERROR   SenderThread:79562 [retry.py:__call__():126] Retry attempt failed:
Traceback (most recent call last):
  File "/home/runnphoenix/anaconda3/lib/python3.8/site-packages/urllib3/connectionpool.py", line 696, in urlopen
    self._prepare_proxy(conn)
  File "/home/runnphoenix/anaconda3/lib/python3.8/site-packages/urllib3/connectionpool.py", line 964, in _prepare_proxy
    conn.connect()
  File "/home/runnphoenix/anaconda3/lib/python3.8/site-packages/urllib3/connection.py", line 411, in connect
    self.sock = ssl_wrap_socket(
  File "/home/runnphoenix/anaconda3/lib/python3.8/site-packages/urllib3/util/ssl_.py", line 428, in ssl_wrap_socket
    ssl_sock = _ssl_wrap_socket_impl(
  File "/home/runnphoenix/anaconda3/lib/python3.8/site-packages/urllib3/util/ssl_.py", line 472, in _ssl_wrap_socket_impl
    return ssl_context.wrap_socket(sock, server_hostname=server_hostname)
  File "/home/runnphoenix/anaconda3/lib/python3.8/ssl.py", line 500, in wrap_socket
    return self.sslsocket_class._create(
  File "/home/runnphoenix/anaconda3/lib/python3.8/ssl.py", line 1040, in _create
    self.do_handshake()
  File "/home/runnphoenix/anaconda3/lib/python3.8/ssl.py", line 1309, in do_handshake
    self._sslobj.do_handshake()
socket.timeout: _ssl.c:1106: The handshake operation timed out

During handling of the above exception, another exception occurred:

Traceback (most recent call last):
  File "/home/runnphoenix/anaconda3/lib/python3.8/site-packages/requests/adapters.py", line 439, in send
    resp = conn.urlopen(
  File "/home/runnphoenix/anaconda3/lib/python3.8/site-packages/urllib3/connectionpool.py", line 755, in urlopen
    retries = retries.increment(
  File "/home/runnphoenix/anaconda3/lib/python3.8/site-packages/urllib3/util/retry.py", line 573, in increment
    raise MaxRetryError(_pool, url, error or ResponseError(cause))
urllib3.exceptions.MaxRetryError: HTTPSConnectionPool(host='api.wandb.ai', port=443): Max retries exceeded with url: /graphql (Caused by ProxyError('Cannot connect to proxy.', timeout('_ssl.c:1106: The handshake operation timed out')))

During handling of the above exception, another exception occurred:

Traceback (most recent call last):
  File "/home/runnphoenix/anaconda3/lib/python3.8/site-packages/wandb/sdk/lib/retry.py", line 102, in __call__
    result = self._call_fn(*args, **kwargs)
  File "/home/runnphoenix/anaconda3/lib/python3.8/site-packages/wandb/sdk/internal/internal_api.py", line 141, in execute
    return self.client.execute(*args, **kwargs)
  File "/home/runnphoenix/anaconda3/lib/python3.8/site-packages/wandb/vendor/gql-0.2.0/gql/client.py", line 52, in execute
    result = self._get_result(document, *args, **kwargs)
  File "/home/runnphoenix/anaconda3/lib/python3.8/site-packages/wandb/vendor/gql-0.2.0/gql/client.py", line 60, in _get_result
    return self.transport.execute(document, *args, **kwargs)
  File "/home/runnphoenix/anaconda3/lib/python3.8/site-packages/wandb/vendor/gql-0.2.0/gql/transport/requests.py", line 38, in execute
    request = requests.post(self.url, **post_args)
  File "/home/runnphoenix/anaconda3/lib/python3.8/site-packages/requests/api.py", line 119, in post
    return request('post', url, data=data, json=json, **kwargs)
  File "/home/runnphoenix/anaconda3/lib/python3.8/site-packages/requests/api.py", line 61, in request
    return session.request(method=method, url=url, **kwargs)
  File "/home/runnphoenix/anaconda3/lib/python3.8/site-packages/requests/sessions.py", line 542, in request
    resp = self.send(prep, **send_kwargs)
  File "/home/runnphoenix/anaconda3/lib/python3.8/site-packages/requests/sessions.py", line 655, in send
    r = adapter.send(request, **kwargs)
  File "/home/runnphoenix/anaconda3/lib/python3.8/site-packages/requests/adapters.py", line 510, in send
    raise ProxyError(e, request=request)
requests.exceptions.ProxyError: HTTPSConnectionPool(host='api.wandb.ai', port=443): Max retries exceeded with url: /graphql (Caused by ProxyError('Cannot connect to proxy.', timeout('_ssl.c:1106: The handshake operation timed out')))
2022-01-10 00:05:54,012 DEBUG   HandlerThread:79562 [handler.py:handle_request():130] handle_request: stop_status
2022-01-10 00:06:14,013 DEBUG   HandlerThread:79562 [handler.py:handle_request():130] handle_request: stop_status
2022-01-10 00:06:34,013 DEBUG   HandlerThread:79562 [handler.py:handle_request():130] handle_request: stop_status
2022-01-10 00:06:54,014 DEBUG   HandlerThread:79562 [handler.py:handle_request():130] handle_request: stop_status
2022-01-10 00:07:14,014 DEBUG   HandlerThread:79562 [handler.py:handle_request():130] handle_request: stop_status
2022-01-10 00:07:34,015 DEBUG   HandlerThread:79562 [handler.py:handle_request():130] handle_request: stop_status
2022-01-10 00:07:54,015 DEBUG   HandlerThread:79562 [handler.py:handle_request():130] handle_request: stop_status
2022-01-10 00:08:14,016 DEBUG   HandlerThread:79562 [handler.py:handle_request():130] handle_request: stop_status
2022-01-10 00:08:25,336 INFO    Thread-8  :79562 [dir_watcher.py:_on_file_modified():230] file/dir modified: /home/runnphoenix/work/flatland-rl/rainbow/wandb/run-20220109_235254-2a1fso5g/files/output.log
2022-01-10 00:08:29,337 INFO    Thread-8  :79562 [dir_watcher.py:_on_file_modified():230] file/dir modified: /home/runnphoenix/work/flatland-rl/rainbow/wandb/run-20220109_235254-2a1fso5g/files/output.log
2022-01-10 00:08:34,016 DEBUG   HandlerThread:79562 [handler.py:handle_request():130] handle_request: stop_status
2022-01-10 00:08:45,072 DEBUG   SenderThread:79562 [sender.py:send():238] send: stats
2022-01-10 00:08:45,072 DEBUG   SenderThread:79562 [sender.py:send_request():252] send_request: stop_status
2022-01-10 00:08:52,539 DEBUG   SenderThread:79562 [sender.py:send_request():252] send_request: stop_status
2022-01-10 00:08:54,017 DEBUG   HandlerThread:79562 [handler.py:handle_request():130] handle_request: stop_status
2022-01-10 00:08:54,492 DEBUG   SenderThread:79562 [sender.py:send():238] send: stats
2022-01-10 00:08:54,492 DEBUG   SenderThread:79562 [sender.py:send_request():252] send_request: stop_status
2022-01-10 00:08:56,868 DEBUG   SenderThread:79562 [sender.py:send():238] send: stats
2022-01-10 00:08:56,869 DEBUG   SenderThread:79562 [sender.py:send_request():252] send_request: stop_status
2022-01-10 00:08:57,769 DEBUG   SenderThread:79562 [sender.py:send_request():252] send_request: stop_status
2022-01-10 00:09:01,702 DEBUG   SenderThread:79562 [sender.py:send():238] send: stats
2022-01-10 00:09:01,703 DEBUG   SenderThread:79562 [sender.py:send_request():252] send_request: stop_status
2022-01-10 00:09:05,039 DEBUG   SenderThread:79562 [sender.py:send():238] send: stats
2022-01-10 00:09:05,039 DEBUG   SenderThread:79562 [sender.py:send_request():252] send_request: stop_status
2022-01-10 00:09:13,128 DEBUG   SenderThread:79562 [sender.py:send_request():252] send_request: stop_status
2022-01-10 00:09:14,017 DEBUG   HandlerThread:79562 [handler.py:handle_request():130] handle_request: stop_status
2022-01-10 00:09:19,375 DEBUG   SenderThread:79562 [sender.py:send():238] send: stats
2022-01-10 00:09:19,375 DEBUG   SenderThread:79562 [sender.py:send_request():252] send_request: stop_status
2022-01-10 00:09:20,092 DEBUG   SenderThread:79562 [sender.py:send():238] send: history
2022-01-10 00:09:20,094 DEBUG   SenderThread:79562 [sender.py:send():238] send: summary
2022-01-10 00:09:20,096 INFO    SenderThread:79562 [sender.py:_save_file():960] saving file wandb-summary.json with policy end
2022-01-10 00:09:20,096 DEBUG   SenderThread:79562 [sender.py:send():238] send: history
2022-01-10 00:09:20,097 DEBUG   SenderThread:79562 [sender.py:send():238] send: summary
2022-01-10 00:09:20,099 INFO    SenderThread:79562 [sender.py:_save_file():960] saving file wandb-summary.json with policy end
2022-01-10 00:09:20,099 DEBUG   SenderThread:79562 [sender.py:send_request():252] send_request: stop_status
2022-01-10 00:09:20,350 INFO    Thread-8  :79562 [dir_watcher.py:_on_file_modified():230] file/dir modified: /home/runnphoenix/work/flatland-rl/rainbow/wandb/run-20220109_235254-2a1fso5g/files/wandb-summary.json
2022-01-10 00:09:21,351 INFO    Thread-8  :79562 [dir_watcher.py:_on_file_modified():230] file/dir modified: /home/runnphoenix/work/flatland-rl/rainbow/wandb/run-20220109_235254-2a1fso5g/files/output.log
2022-01-10 00:09:23,574 DEBUG   SenderThread:79562 [sender.py:send():238] send: stats
2022-01-10 00:09:23,574 DEBUG   SenderThread:79562 [sender.py:send_request():252] send_request: stop_status
2022-01-10 00:09:25,075 DEBUG   SenderThread:79562 [sender.py:send():238] send: stats
2022-01-10 00:09:25,076 DEBUG   SenderThread:79562 [sender.py:send_request():252] send_request: stop_status
2022-01-10 00:09:26,748 DEBUG   SenderThread:79562 [sender.py:send():238] send: history
2022-01-10 00:09:26,751 DEBUG   SenderThread:79562 [sender.py:send():238] send: summary
2022-01-10 00:09:26,755 INFO    SenderThread:79562 [sender.py:_save_file():960] saving file wandb-summary.json with policy end
2022-01-10 00:09:27,353 INFO    Thread-8  :79562 [dir_watcher.py:_on_file_modified():230] file/dir modified: /home/runnphoenix/work/flatland-rl/rainbow/wandb/run-20220109_235254-2a1fso5g/files/wandb-summary.json
2022-01-10 00:09:34,018 DEBUG   HandlerThread:79562 [handler.py:handle_request():130] handle_request: stop_status
2022-01-10 00:09:34,018 DEBUG   SenderThread:79562 [sender.py:send_request():252] send_request: stop_status
2022-01-10 00:09:35,244 DEBUG   SenderThread:79562 [sender.py:send():238] send: stats
2022-01-10 00:09:50,245 DEBUG   HandlerThread:79562 [handler.py:handle_request():130] handle_request: stop_status
2022-01-10 00:09:50,246 DEBUG   SenderThread:79562 [sender.py:send_request():252] send_request: stop_status
2022-01-10 00:10:05,070 DEBUG   SenderThread:79562 [sender.py:send():238] send: stats
2022-01-10 00:10:07,554 DEBUG   HandlerThread:79562 [handler.py:handle_request():130] handle_request: stop_status
2022-01-10 00:10:07,554 DEBUG   SenderThread:79562 [sender.py:send_request():252] send_request: stop_status
2022-01-10 00:10:25,270 DEBUG   HandlerThread:79562 [handler.py:handle_request():130] handle_request: stop_status
2022-01-10 00:10:25,270 DEBUG   SenderThread:79562 [sender.py:send_request():252] send_request: stop_status
2022-01-10 00:10:35,297 DEBUG   SenderThread:79562 [sender.py:send():238] send: stats
2022-01-10 00:10:40,994 DEBUG   SenderThread:79562 [sender.py:send():238] send: history
2022-01-10 00:10:40,996 DEBUG   SenderThread:79562 [sender.py:send():238] send: summary
2022-01-10 00:10:40,997 INFO    SenderThread:79562 [sender.py:_save_file():960] saving file wandb-summary.json with policy end
2022-01-10 00:10:41,372 INFO    Thread-8  :79562 [dir_watcher.py:_on_file_modified():230] file/dir modified: /home/runnphoenix/work/flatland-rl/rainbow/wandb/run-20220109_235254-2a1fso5g/files/output.log
2022-01-10 00:10:41,373 INFO    Thread-8  :79562 [dir_watcher.py:_on_file_modified():230] file/dir modified: /home/runnphoenix/work/flatland-rl/rainbow/wandb/run-20220109_235254-2a1fso5g/files/wandb-summary.json
2022-01-10 00:10:43,373 INFO    Thread-8  :79562 [dir_watcher.py:_on_file_modified():230] file/dir modified: /home/runnphoenix/work/flatland-rl/rainbow/wandb/run-20220109_235254-2a1fso5g/files/output.log
2022-01-10 00:10:43,859 DEBUG   SenderThread:79562 [sender.py:send():238] send: telemetry
2022-01-10 00:10:43,859 DEBUG   HandlerThread:79562 [handler.py:handle_request():130] handle_request: poll_exit
2022-01-10 00:10:43,860 DEBUG   SenderThread:79562 [sender.py:send():238] send: exit
2022-01-10 00:10:43,860 INFO    SenderThread:79562 [sender.py:send_exit():370] handling exit code: 1
2022-01-10 00:10:43,860 INFO    SenderThread:79562 [sender.py:send_exit():372] handling runtime: 1064
2022-01-10 00:10:43,861 INFO    SenderThread:79562 [sender.py:_save_file():960] saving file wandb-summary.json with policy end
2022-01-10 00:10:43,861 INFO    SenderThread:79562 [sender.py:send_exit():382] send defer
2022-01-10 00:10:43,861 DEBUG   SenderThread:79562 [sender.py:send_request():252] send_request: poll_exit
2022-01-10 00:10:43,862 DEBUG   HandlerThread:79562 [handler.py:handle_request():130] handle_request: defer
2022-01-10 00:10:43,862 INFO    HandlerThread:79562 [handler.py:handle_request_defer():147] handle defer: 0
2022-01-10 00:10:43,862 DEBUG   SenderThread:79562 [sender.py:send_request():252] send_request: defer
2022-01-10 00:10:43,862 INFO    SenderThread:79562 [sender.py:send_request_defer():391] handle sender defer: 0
2022-01-10 00:10:43,862 INFO    SenderThread:79562 [sender.py:transition_state():395] send defer: 1
2022-01-10 00:10:43,862 DEBUG   HandlerThread:79562 [handler.py:handle_request():130] handle_request: defer
2022-01-10 00:10:43,862 INFO    HandlerThread:79562 [handler.py:handle_request_defer():147] handle defer: 1
2022-01-10 00:10:43,969 DEBUG   SenderThread:79562 [sender.py:send_request():252] send_request: defer
2022-01-10 00:10:43,969 DEBUG   HandlerThread:79562 [handler.py:handle_request():130] handle_request: poll_exit
2022-01-10 00:10:43,969 INFO    SenderThread:79562 [sender.py:send_request_defer():391] handle sender defer: 1
2022-01-10 00:10:43,969 INFO    SenderThread:79562 [sender.py:transition_state():395] send defer: 2
2022-01-10 00:10:43,969 DEBUG   SenderThread:79562 [sender.py:send_request():252] send_request: poll_exit
2022-01-10 00:10:43,969 DEBUG   SenderThread:79562 [sender.py:send():238] send: stats
2022-01-10 00:10:43,970 DEBUG   HandlerThread:79562 [handler.py:handle_request():130] handle_request: defer
2022-01-10 00:10:43,970 INFO    HandlerThread:79562 [handler.py:handle_request_defer():147] handle defer: 2
2022-01-10 00:10:43,970 DEBUG   SenderThread:79562 [sender.py:send_request():252] send_request: defer
2022-01-10 00:10:43,970 INFO    SenderThread:79562 [sender.py:send_request_defer():391] handle sender defer: 2
2022-01-10 00:10:43,970 INFO    SenderThread:79562 [sender.py:transition_state():395] send defer: 3
2022-01-10 00:10:43,971 DEBUG   HandlerThread:79562 [handler.py:handle_request():130] handle_request: defer
2022-01-10 00:10:43,971 INFO    HandlerThread:79562 [handler.py:handle_request_defer():147] handle defer: 3
2022-01-10 00:10:43,972 DEBUG   SenderThread:79562 [sender.py:send():238] send: summary
2022-01-10 00:10:43,974 INFO    SenderThread:79562 [sender.py:_save_file():960] saving file wandb-summary.json with policy end
2022-01-10 00:10:43,974 DEBUG   SenderThread:79562 [sender.py:send_request():252] send_request: defer
2022-01-10 00:10:43,974 INFO    SenderThread:79562 [sender.py:send_request_defer():391] handle sender defer: 3
2022-01-10 00:10:43,974 INFO    SenderThread:79562 [sender.py:transition_state():395] send defer: 4
2022-01-10 00:10:43,975 DEBUG   HandlerThread:79562 [handler.py:handle_request():130] handle_request: defer
2022-01-10 00:10:43,975 INFO    HandlerThread:79562 [handler.py:handle_request_defer():147] handle defer: 4
2022-01-10 00:10:43,975 DEBUG   SenderThread:79562 [sender.py:send_request():252] send_request: defer
2022-01-10 00:10:43,975 INFO    SenderThread:79562 [sender.py:send_request_defer():391] handle sender defer: 4
2022-01-10 00:10:44,071 DEBUG   HandlerThread:79562 [handler.py:handle_request():130] handle_request: poll_exit
2022-01-10 00:10:44,373 INFO    Thread-8  :79562 [dir_watcher.py:_on_file_modified():230] file/dir modified: /home/runnphoenix/work/flatland-rl/rainbow/wandb/run-20220109_235254-2a1fso5g/files/output.log
2022-01-10 00:10:44,374 INFO    Thread-8  :79562 [dir_watcher.py:_on_file_modified():230] file/dir modified: /home/runnphoenix/work/flatland-rl/rainbow/wandb/run-20220109_235254-2a1fso5g/files/wandb-summary.json
2022-01-10 00:10:47,860 INFO    SenderThread:79562 [sender.py:transition_state():395] send defer: 5
2022-01-10 00:10:47,860 DEBUG   SenderThread:79562 [sender.py:send_request():252] send_request: poll_exit
2022-01-10 00:10:47,860 DEBUG   HandlerThread:79562 [handler.py:handle_request():130] handle_request: defer
2022-01-10 00:10:47,860 INFO    HandlerThread:79562 [handler.py:handle_request_defer():147] handle defer: 5
2022-01-10 00:10:47,860 DEBUG   SenderThread:79562 [sender.py:send_request():252] send_request: defer
2022-01-10 00:10:47,861 INFO    SenderThread:79562 [sender.py:send_request_defer():391] handle sender defer: 5
2022-01-10 00:10:47,861 INFO    SenderThread:79562 [dir_watcher.py:finish():283] shutting down directory watcher
2022-01-10 00:10:47,961 DEBUG   HandlerThread:79562 [handler.py:handle_request():130] handle_request: poll_exit
2022-01-10 00:10:48,375 INFO    SenderThread:79562 [dir_watcher.py:_on_file_modified():230] file/dir modified: /home/runnphoenix/work/flatland-rl/rainbow/wandb/run-20220109_235254-2a1fso5g/files/config.yaml
2022-01-10 00:10:48,375 INFO    SenderThread:79562 [dir_watcher.py:finish():313] scan: /home/runnphoenix/work/flatland-rl/rainbow/wandb/run-20220109_235254-2a1fso5g/files
2022-01-10 00:10:48,375 INFO    SenderThread:79562 [dir_watcher.py:finish():327] scan save: /home/runnphoenix/work/flatland-rl/rainbow/wandb/run-20220109_235254-2a1fso5g/files/config.yaml config.yaml
2022-01-10 00:10:48,375 INFO    SenderThread:79562 [dir_watcher.py:finish():327] scan save: /home/runnphoenix/work/flatland-rl/rainbow/wandb/run-20220109_235254-2a1fso5g/files/requirements.txt requirements.txt
2022-01-10 00:10:48,375 INFO    SenderThread:79562 [dir_watcher.py:finish():327] scan save: /home/runnphoenix/work/flatland-rl/rainbow/wandb/run-20220109_235254-2a1fso5g/files/output.log output.log
2022-01-10 00:10:48,376 INFO    SenderThread:79562 [dir_watcher.py:finish():327] scan save: /home/runnphoenix/work/flatland-rl/rainbow/wandb/run-20220109_235254-2a1fso5g/files/wandb-summary.json wandb-summary.json
2022-01-10 00:10:48,376 INFO    SenderThread:79562 [dir_watcher.py:finish():327] scan save: /home/runnphoenix/work/flatland-rl/rainbow/wandb/run-20220109_235254-2a1fso5g/files/conda-environment.yaml conda-environment.yaml
2022-01-10 00:10:48,376 INFO    SenderThread:79562 [dir_watcher.py:finish():327] scan save: /home/runnphoenix/work/flatland-rl/rainbow/wandb/run-20220109_235254-2a1fso5g/files/wandb-metadata.json wandb-metadata.json
2022-01-10 00:10:48,376 INFO    SenderThread:79562 [sender.py:transition_state():395] send defer: 6
2022-01-10 00:10:48,376 DEBUG   SenderThread:79562 [sender.py:send_request():252] send_request: poll_exit
2022-01-10 00:10:48,377 DEBUG   HandlerThread:79562 [handler.py:handle_request():130] handle_request: defer
2022-01-10 00:10:48,377 INFO    HandlerThread:79562 [handler.py:handle_request_defer():147] handle defer: 6
2022-01-10 00:10:48,377 DEBUG   SenderThread:79562 [sender.py:send_request():252] send_request: defer
2022-01-10 00:10:48,377 INFO    SenderThread:79562 [sender.py:send_request_defer():391] handle sender defer: 6
2022-01-10 00:10:48,377 INFO    SenderThread:79562 [file_pusher.py:finish():177] shutting down file pusher
2022-01-10 00:10:48,478 DEBUG   HandlerThread:79562 [handler.py:handle_request():130] handle_request: poll_exit
2022-01-10 00:10:48,478 DEBUG   SenderThread:79562 [sender.py:send_request():252] send_request: poll_exit
2022-01-10 00:10:48,579 DEBUG   HandlerThread:79562 [handler.py:handle_request():130] handle_request: poll_exit
2022-01-10 00:10:48,580 DEBUG   SenderThread:79562 [sender.py:send_request():252] send_request: poll_exit
2022-01-10 00:10:48,681 DEBUG   HandlerThread:79562 [handler.py:handle_request():130] handle_request: poll_exit
2022-01-10 00:10:48,682 DEBUG   SenderThread:79562 [sender.py:send_request():252] send_request: poll_exit
2022-01-10 00:10:48,783 DEBUG   HandlerThread:79562 [handler.py:handle_request():130] handle_request: poll_exit
2022-01-10 00:10:48,784 DEBUG   SenderThread:79562 [sender.py:send_request():252] send_request: poll_exit
2022-01-10 00:10:48,885 DEBUG   HandlerThread:79562 [handler.py:handle_request():130] handle_request: poll_exit
2022-01-10 00:10:48,886 DEBUG   SenderThread:79562 [sender.py:send_request():252] send_request: poll_exit
2022-01-10 00:10:48,987 DEBUG   HandlerThread:79562 [handler.py:handle_request():130] handle_request: poll_exit
2022-01-10 00:10:48,988 DEBUG   SenderThread:79562 [sender.py:send_request():252] send_request: poll_exit
2022-01-10 00:10:49,089 DEBUG   HandlerThread:79562 [handler.py:handle_request():130] handle_request: poll_exit
2022-01-10 00:10:49,089 DEBUG   SenderThread:79562 [sender.py:send_request():252] send_request: poll_exit
2022-01-10 00:10:49,191 DEBUG   HandlerThread:79562 [handler.py:handle_request():130] handle_request: poll_exit
2022-01-10 00:10:49,191 DEBUG   SenderThread:79562 [sender.py:send_request():252] send_request: poll_exit
2022-01-10 00:10:49,293 DEBUG   HandlerThread:79562 [handler.py:handle_request():130] handle_request: poll_exit
2022-01-10 00:10:49,293 DEBUG   SenderThread:79562 [sender.py:send_request():252] send_request: poll_exit
2022-01-10 00:10:49,394 DEBUG   HandlerThread:79562 [handler.py:handle_request():130] handle_request: poll_exit
2022-01-10 00:10:49,395 DEBUG   SenderThread:79562 [sender.py:send_request():252] send_request: poll_exit
2022-01-10 00:10:49,496 DEBUG   HandlerThread:79562 [handler.py:handle_request():130] handle_request: poll_exit
2022-01-10 00:10:49,496 DEBUG   SenderThread:79562 [sender.py:send_request():252] send_request: poll_exit
2022-01-10 00:10:49,597 DEBUG   HandlerThread:79562 [handler.py:handle_request():130] handle_request: poll_exit
2022-01-10 00:10:49,598 DEBUG   SenderThread:79562 [sender.py:send_request():252] send_request: poll_exit
2022-01-10 00:10:49,699 DEBUG   HandlerThread:79562 [handler.py:handle_request():130] handle_request: poll_exit
2022-01-10 00:10:49,700 DEBUG   SenderThread:79562 [sender.py:send_request():252] send_request: poll_exit
2022-01-10 00:10:49,801 DEBUG   HandlerThread:79562 [handler.py:handle_request():130] handle_request: poll_exit
2022-01-10 00:10:49,801 DEBUG   SenderThread:79562 [sender.py:send_request():252] send_request: poll_exit
2022-01-10 00:10:49,903 DEBUG   HandlerThread:79562 [handler.py:handle_request():130] handle_request: poll_exit
2022-01-10 00:10:49,903 DEBUG   SenderThread:79562 [sender.py:send_request():252] send_request: poll_exit
2022-01-10 00:10:50,005 DEBUG   HandlerThread:79562 [handler.py:handle_request():130] handle_request: poll_exit
2022-01-10 00:10:50,005 DEBUG   SenderThread:79562 [sender.py:send_request():252] send_request: poll_exit
2022-01-10 00:10:50,106 DEBUG   HandlerThread:79562 [handler.py:handle_request():130] handle_request: poll_exit
2022-01-10 00:10:50,107 DEBUG   SenderThread:79562 [sender.py:send_request():252] send_request: poll_exit
2022-01-10 00:10:50,208 DEBUG   HandlerThread:79562 [handler.py:handle_request():130] handle_request: poll_exit
2022-01-10 00:10:50,208 DEBUG   SenderThread:79562 [sender.py:send_request():252] send_request: poll_exit
2022-01-10 00:10:50,310 DEBUG   HandlerThread:79562 [handler.py:handle_request():130] handle_request: poll_exit
2022-01-10 00:10:50,310 DEBUG   SenderThread:79562 [sender.py:send_request():252] send_request: poll_exit
2022-01-10 00:10:50,412 DEBUG   HandlerThread:79562 [handler.py:handle_request():130] handle_request: poll_exit
2022-01-10 00:10:50,412 DEBUG   SenderThread:79562 [sender.py:send_request():252] send_request: poll_exit
2022-01-10 00:10:50,513 DEBUG   HandlerThread:79562 [handler.py:handle_request():130] handle_request: poll_exit
2022-01-10 00:10:50,514 DEBUG   SenderThread:79562 [sender.py:send_request():252] send_request: poll_exit
2022-01-10 00:10:50,615 DEBUG   HandlerThread:79562 [handler.py:handle_request():130] handle_request: poll_exit
2022-01-10 00:10:50,615 DEBUG   SenderThread:79562 [sender.py:send_request():252] send_request: poll_exit
2022-01-10 00:10:50,717 DEBUG   HandlerThread:79562 [handler.py:handle_request():130] handle_request: poll_exit
2022-01-10 00:10:50,717 DEBUG   SenderThread:79562 [sender.py:send_request():252] send_request: poll_exit
2022-01-10 00:10:50,819 DEBUG   HandlerThread:79562 [handler.py:handle_request():130] handle_request: poll_exit
2022-01-10 00:10:50,819 DEBUG   SenderThread:79562 [sender.py:send_request():252] send_request: poll_exit
2022-01-10 00:10:50,921 DEBUG   HandlerThread:79562 [handler.py:handle_request():130] handle_request: poll_exit
2022-01-10 00:10:50,921 DEBUG   SenderThread:79562 [sender.py:send_request():252] send_request: poll_exit
2022-01-10 00:10:51,022 DEBUG   HandlerThread:79562 [handler.py:handle_request():130] handle_request: poll_exit
2022-01-10 00:10:51,023 DEBUG   SenderThread:79562 [sender.py:send_request():252] send_request: poll_exit
2022-01-10 00:10:51,124 DEBUG   HandlerThread:79562 [handler.py:handle_request():130] handle_request: poll_exit
2022-01-10 00:10:51,124 DEBUG   SenderThread:79562 [sender.py:send_request():252] send_request: poll_exit
2022-01-10 00:10:51,226 DEBUG   HandlerThread:79562 [handler.py:handle_request():130] handle_request: poll_exit
2022-01-10 00:10:51,226 DEBUG   SenderThread:79562 [sender.py:send_request():252] send_request: poll_exit
2022-01-10 00:10:51,328 DEBUG   HandlerThread:79562 [handler.py:handle_request():130] handle_request: poll_exit
2022-01-10 00:10:51,328 DEBUG   SenderThread:79562 [sender.py:send_request():252] send_request: poll_exit
2022-01-10 00:10:51,429 DEBUG   HandlerThread:79562 [handler.py:handle_request():130] handle_request: poll_exit
2022-01-10 00:10:51,430 DEBUG   SenderThread:79562 [sender.py:send_request():252] send_request: poll_exit
2022-01-10 00:10:51,531 DEBUG   HandlerThread:79562 [handler.py:handle_request():130] handle_request: poll_exit
2022-01-10 00:10:51,532 DEBUG   SenderThread:79562 [sender.py:send_request():252] send_request: poll_exit
2022-01-10 00:10:51,633 DEBUG   HandlerThread:79562 [handler.py:handle_request():130] handle_request: poll_exit
2022-01-10 00:10:51,633 DEBUG   SenderThread:79562 [sender.py:send_request():252] send_request: poll_exit
2022-01-10 00:10:51,735 DEBUG   HandlerThread:79562 [handler.py:handle_request():130] handle_request: poll_exit
2022-01-10 00:10:51,735 DEBUG   SenderThread:79562 [sender.py:send_request():252] send_request: poll_exit
2022-01-10 00:10:51,837 DEBUG   HandlerThread:79562 [handler.py:handle_request():130] handle_request: poll_exit
2022-01-10 00:10:51,837 DEBUG   SenderThread:79562 [sender.py:send_request():252] send_request: poll_exit
2022-01-10 00:10:51,938 DEBUG   HandlerThread:79562 [handler.py:handle_request():130] handle_request: poll_exit
2022-01-10 00:10:51,938 DEBUG   SenderThread:79562 [sender.py:send_request():252] send_request: poll_exit
2022-01-10 00:10:52,040 DEBUG   HandlerThread:79562 [handler.py:handle_request():130] handle_request: poll_exit
2022-01-10 00:10:52,040 DEBUG   SenderThread:79562 [sender.py:send_request():252] send_request: poll_exit
2022-01-10 00:10:52,142 DEBUG   HandlerThread:79562 [handler.py:handle_request():130] handle_request: poll_exit
2022-01-10 00:10:52,142 DEBUG   SenderThread:79562 [sender.py:send_request():252] send_request: poll_exit
2022-01-10 00:10:52,244 DEBUG   HandlerThread:79562 [handler.py:handle_request():130] handle_request: poll_exit
2022-01-10 00:10:52,244 DEBUG   SenderThread:79562 [sender.py:send_request():252] send_request: poll_exit
2022-01-10 00:10:52,345 DEBUG   HandlerThread:79562 [handler.py:handle_request():130] handle_request: poll_exit
2022-01-10 00:10:52,345 DEBUG   SenderThread:79562 [sender.py:send_request():252] send_request: poll_exit
2022-01-10 00:10:52,447 DEBUG   HandlerThread:79562 [handler.py:handle_request():130] handle_request: poll_exit
2022-01-10 00:10:52,447 DEBUG   SenderThread:79562 [sender.py:send_request():252] send_request: poll_exit
2022-01-10 00:10:52,549 DEBUG   HandlerThread:79562 [handler.py:handle_request():130] handle_request: poll_exit
2022-01-10 00:10:52,549 DEBUG   SenderThread:79562 [sender.py:send_request():252] send_request: poll_exit
2022-01-10 00:10:52,651 DEBUG   HandlerThread:79562 [handler.py:handle_request():130] handle_request: poll_exit
2022-01-10 00:10:52,651 DEBUG   SenderThread:79562 [sender.py:send_request():252] send_request: poll_exit
2022-01-10 00:10:52,753 DEBUG   HandlerThread:79562 [handler.py:handle_request():130] handle_request: poll_exit
2022-01-10 00:10:52,753 DEBUG   SenderThread:79562 [sender.py:send_request():252] send_request: poll_exit
2022-01-10 00:10:52,854 DEBUG   HandlerThread:79562 [handler.py:handle_request():130] handle_request: poll_exit
2022-01-10 00:10:52,855 DEBUG   SenderThread:79562 [sender.py:send_request():252] send_request: poll_exit
2022-01-10 00:10:52,956 DEBUG   HandlerThread:79562 [handler.py:handle_request():130] handle_request: poll_exit
2022-01-10 00:10:52,956 DEBUG   SenderThread:79562 [sender.py:send_request():252] send_request: poll_exit
2022-01-10 00:10:53,058 DEBUG   HandlerThread:79562 [handler.py:handle_request():130] handle_request: poll_exit
2022-01-10 00:10:53,058 DEBUG   SenderThread:79562 [sender.py:send_request():252] send_request: poll_exit
2022-01-10 00:10:53,159 DEBUG   HandlerThread:79562 [handler.py:handle_request():130] handle_request: poll_exit
2022-01-10 00:10:53,160 DEBUG   SenderThread:79562 [sender.py:send_request():252] send_request: poll_exit
2022-01-10 00:10:53,261 DEBUG   HandlerThread:79562 [handler.py:handle_request():130] handle_request: poll_exit
2022-01-10 00:10:53,261 DEBUG   SenderThread:79562 [sender.py:send_request():252] send_request: poll_exit
2022-01-10 00:10:53,363 DEBUG   HandlerThread:79562 [handler.py:handle_request():130] handle_request: poll_exit
2022-01-10 00:10:53,363 DEBUG   SenderThread:79562 [sender.py:send_request():252] send_request: poll_exit
2022-01-10 00:10:53,465 DEBUG   HandlerThread:79562 [handler.py:handle_request():130] handle_request: poll_exit
2022-01-10 00:10:53,465 DEBUG   SenderThread:79562 [sender.py:send_request():252] send_request: poll_exit
2022-01-10 00:10:53,552 INFO    Thread-14 :79562 [upload_job.py:push():137] Uploaded file /home/runnphoenix/work/flatland-rl/rainbow/wandb/run-20220109_235254-2a1fso5g/files/output.log
2022-01-10 00:10:53,566 DEBUG   HandlerThread:79562 [handler.py:handle_request():130] handle_request: poll_exit
2022-01-10 00:10:53,567 DEBUG   SenderThread:79562 [sender.py:send_request():252] send_request: poll_exit
2022-01-10 00:10:53,668 DEBUG   HandlerThread:79562 [handler.py:handle_request():130] handle_request: poll_exit
2022-01-10 00:10:53,668 DEBUG   SenderThread:79562 [sender.py:send_request():252] send_request: poll_exit
2022-01-10 00:10:53,770 DEBUG   HandlerThread:79562 [handler.py:handle_request():130] handle_request: poll_exit
2022-01-10 00:10:53,770 DEBUG   SenderThread:79562 [sender.py:send_request():252] send_request: poll_exit
2022-01-10 00:10:53,872 DEBUG   HandlerThread:79562 [handler.py:handle_request():130] handle_request: poll_exit
2022-01-10 00:10:53,872 DEBUG   SenderThread:79562 [sender.py:send_request():252] send_request: poll_exit
2022-01-10 00:10:53,973 DEBUG   HandlerThread:79562 [handler.py:handle_request():130] handle_request: poll_exit
2022-01-10 00:10:53,974 DEBUG   SenderThread:79562 [sender.py:send_request():252] send_request: poll_exit
2022-01-10 00:10:54,075 DEBUG   HandlerThread:79562 [handler.py:handle_request():130] handle_request: poll_exit
2022-01-10 00:10:54,076 DEBUG   SenderThread:79562 [sender.py:send_request():252] send_request: poll_exit
2022-01-10 00:10:54,177 DEBUG   HandlerThread:79562 [handler.py:handle_request():130] handle_request: poll_exit
2022-01-10 00:10:54,177 DEBUG   SenderThread:79562 [sender.py:send_request():252] send_request: poll_exit
2022-01-10 00:10:54,279 DEBUG   HandlerThread:79562 [handler.py:handle_request():130] handle_request: poll_exit
2022-01-10 00:10:54,279 DEBUG   SenderThread:79562 [sender.py:send_request():252] send_request: poll_exit
2022-01-10 00:10:54,381 DEBUG   HandlerThread:79562 [handler.py:handle_request():130] handle_request: poll_exit
2022-01-10 00:10:54,381 DEBUG   SenderThread:79562 [sender.py:send_request():252] send_request: poll_exit
2022-01-10 00:10:54,482 DEBUG   HandlerThread:79562 [handler.py:handle_request():130] handle_request: poll_exit
2022-01-10 00:10:54,483 DEBUG   SenderThread:79562 [sender.py:send_request():252] send_request: poll_exit
2022-01-10 00:10:54,584 DEBUG   HandlerThread:79562 [handler.py:handle_request():130] handle_request: poll_exit
2022-01-10 00:10:54,584 DEBUG   SenderThread:79562 [sender.py:send_request():252] send_request: poll_exit
2022-01-10 00:10:54,686 DEBUG   HandlerThread:79562 [handler.py:handle_request():130] handle_request: poll_exit
2022-01-10 00:10:54,686 DEBUG   SenderThread:79562 [sender.py:send_request():252] send_request: poll_exit
2022-01-10 00:10:54,788 DEBUG   HandlerThread:79562 [handler.py:handle_request():130] handle_request: poll_exit
2022-01-10 00:10:54,788 DEBUG   SenderThread:79562 [sender.py:send_request():252] send_request: poll_exit
2022-01-10 00:10:54,890 DEBUG   HandlerThread:79562 [handler.py:handle_request():130] handle_request: poll_exit
2022-01-10 00:10:54,890 DEBUG   SenderThread:79562 [sender.py:send_request():252] send_request: poll_exit
2022-01-10 00:10:54,991 DEBUG   HandlerThread:79562 [handler.py:handle_request():130] handle_request: poll_exit
2022-01-10 00:10:54,992 DEBUG   SenderThread:79562 [sender.py:send_request():252] send_request: poll_exit
2022-01-10 00:10:55,093 DEBUG   HandlerThread:79562 [handler.py:handle_request():130] handle_request: poll_exit
2022-01-10 00:10:55,093 DEBUG   SenderThread:79562 [sender.py:send_request():252] send_request: poll_exit
2022-01-10 00:10:55,195 DEBUG   HandlerThread:79562 [handler.py:handle_request():130] handle_request: poll_exit
2022-01-10 00:10:55,195 DEBUG   SenderThread:79562 [sender.py:send_request():252] send_request: poll_exit
2022-01-10 00:10:55,203 ERROR   Thread-16 :79562 [internal_api.py:upload_file():1546] upload_file exception https://storage.googleapis.com/wandb-production.appspot.com/runnphoenix/Flatland-multi-agent-initial/2a1fso5g/conda-environment.yaml?Expires=1641831050&GoogleAccessId=wandb-production%40appspot.gserviceaccount.com&Signature=gH1yYkY0jbccpjHznLV87DL7EDz4bL5cGntiobNr0Krf6lW%2Ft8BpxtmT735F8wHk9Y%2BYt0R%2FRCOU%2B8XsW7Yahogk3KC8gWRB9dK5ZCL4xInAGeiYqwPAufoomhjgdczKYd0Y3in1t1MEOsoMAbLwtq5RlXGLyB39bBkijDXrTGHq2iGmO1pYUpinuSKeP3ELVywKlLzZTQx5Ood%2BuEeWFFv7Ooq%2B0H3y7V%2BGzcWmz%2BtCKVOg6w23jB0eZ7sQg9P%2F5BKHcgOGK79wuXoViFDDJp2eq83EA4IfZWE%2FxlUoxdSaZUfvBOvHU0qM7Vpgl1eSq%2BT%2BziHBVcDgMFGE1fUcVA%3D%3D HTTPSConnectionPool(host='storage.googleapis.com', port=443): Max retries exceeded with url: /wandb-production.appspot.com/runnphoenix/Flatland-multi-agent-initial/2a1fso5g/conda-environment.yaml?Expires=1641831050&GoogleAccessId=wandb-production%40appspot.gserviceaccount.com&Signature=gH1yYkY0jbccpjHznLV87DL7EDz4bL5cGntiobNr0Krf6lW%2Ft8BpxtmT735F8wHk9Y%2BYt0R%2FRCOU%2B8XsW7Yahogk3KC8gWRB9dK5ZCL4xInAGeiYqwPAufoomhjgdczKYd0Y3in1t1MEOsoMAbLwtq5RlXGLyB39bBkijDXrTGHq2iGmO1pYUpinuSKeP3ELVywKlLzZTQx5Ood%2BuEeWFFv7Ooq%2B0H3y7V%2BGzcWmz%2BtCKVOg6w23jB0eZ7sQg9P%2F5BKHcgOGK79wuXoViFDDJp2eq83EA4IfZWE%2FxlUoxdSaZUfvBOvHU0qM7Vpgl1eSq%2BT%2BziHBVcDgMFGE1fUcVA%3D%3D (Caused by ProxyError('Cannot connect to proxy.', OSError(0, 'Error')))
2022-01-10 00:10:55,208 ERROR   Thread-12 :79562 [retry.py:__call__():126] Retry attempt failed:
Traceback (most recent call last):
  File "/home/runnphoenix/anaconda3/lib/python3.8/site-packages/urllib3/connectionpool.py", line 696, in urlopen
    self._prepare_proxy(conn)
  File "/home/runnphoenix/anaconda3/lib/python3.8/site-packages/urllib3/connectionpool.py", line 964, in _prepare_proxy
    conn.connect()
  File "/home/runnphoenix/anaconda3/lib/python3.8/site-packages/urllib3/connection.py", line 411, in connect
    self.sock = ssl_wrap_socket(
  File "/home/runnphoenix/anaconda3/lib/python3.8/site-packages/urllib3/util/ssl_.py", line 428, in ssl_wrap_socket
    ssl_sock = _ssl_wrap_socket_impl(
  File "/home/runnphoenix/anaconda3/lib/python3.8/site-packages/urllib3/util/ssl_.py", line 472, in _ssl_wrap_socket_impl
    return ssl_context.wrap_socket(sock, server_hostname=server_hostname)
  File "/home/runnphoenix/anaconda3/lib/python3.8/ssl.py", line 500, in wrap_socket
    return self.sslsocket_class._create(
  File "/home/runnphoenix/anaconda3/lib/python3.8/ssl.py", line 1040, in _create
    self.do_handshake()
  File "/home/runnphoenix/anaconda3/lib/python3.8/ssl.py", line 1309, in do_handshake
    self._sslobj.do_handshake()
OSError: [Errno 0] Error

During handling of the above exception, another exception occurred:

Traceback (most recent call last):
  File "/home/runnphoenix/anaconda3/lib/python3.8/site-packages/requests/adapters.py", line 439, in send
    resp = conn.urlopen(
  File "/home/runnphoenix/anaconda3/lib/python3.8/site-packages/urllib3/connectionpool.py", line 755, in urlopen
    retries = retries.increment(
  File "/home/runnphoenix/anaconda3/lib/python3.8/site-packages/urllib3/util/retry.py", line 573, in increment
    raise MaxRetryError(_pool, url, error or ResponseError(cause))
urllib3.exceptions.MaxRetryError: HTTPSConnectionPool(host='api.wandb.ai', port=443): Max retries exceeded with url: /graphql (Caused by ProxyError('Cannot connect to proxy.', OSError(0, 'Error')))

During handling of the above exception, another exception occurred:

Traceback (most recent call last):
  File "/home/runnphoenix/anaconda3/lib/python3.8/site-packages/wandb/sdk/lib/retry.py", line 102, in __call__
    result = self._call_fn(*args, **kwargs)
  File "/home/runnphoenix/anaconda3/lib/python3.8/site-packages/wandb/sdk/internal/internal_api.py", line 141, in execute
    return self.client.execute(*args, **kwargs)
  File "/home/runnphoenix/anaconda3/lib/python3.8/site-packages/wandb/vendor/gql-0.2.0/gql/client.py", line 52, in execute
    result = self._get_result(document, *args, **kwargs)
  File "/home/runnphoenix/anaconda3/lib/python3.8/site-packages/wandb/vendor/gql-0.2.0/gql/client.py", line 60, in _get_result
    return self.transport.execute(document, *args, **kwargs)
  File "/home/runnphoenix/anaconda3/lib/python3.8/site-packages/wandb/vendor/gql-0.2.0/gql/transport/requests.py", line 38, in execute
    request = requests.post(self.url, **post_args)
  File "/home/runnphoenix/anaconda3/lib/python3.8/site-packages/requests/api.py", line 119, in post
    return request('post', url, data=data, json=json, **kwargs)
  File "/home/runnphoenix/anaconda3/lib/python3.8/site-packages/requests/api.py", line 61, in request
    return session.request(method=method, url=url, **kwargs)
  File "/home/runnphoenix/anaconda3/lib/python3.8/site-packages/requests/sessions.py", line 542, in request
    resp = self.send(prep, **send_kwargs)
  File "/home/runnphoenix/anaconda3/lib/python3.8/site-packages/requests/sessions.py", line 655, in send
    r = adapter.send(request, **kwargs)
  File "/home/runnphoenix/anaconda3/lib/python3.8/site-packages/requests/adapters.py", line 510, in send
    raise ProxyError(e, request=request)
requests.exceptions.ProxyError: HTTPSConnectionPool(host='api.wandb.ai', port=443): Max retries exceeded with url: /graphql (Caused by ProxyError('Cannot connect to proxy.', OSError(0, 'Error')))
2022-01-10 00:10:55,297 DEBUG   HandlerThread:79562 [handler.py:handle_request():130] handle_request: poll_exit
2022-01-10 00:10:55,297 DEBUG   SenderThread:79562 [sender.py:send_request():252] send_request: poll_exit
2022-01-10 00:10:55,399 DEBUG   HandlerThread:79562 [handler.py:handle_request():130] handle_request: poll_exit
2022-01-10 00:10:55,399 DEBUG   SenderThread:79562 [sender.py:send_request():252] send_request: poll_exit
2022-01-10 00:10:55,500 DEBUG   HandlerThread:79562 [handler.py:handle_request():130] handle_request: poll_exit
2022-01-10 00:10:55,501 DEBUG   SenderThread:79562 [sender.py:send_request():252] send_request: poll_exit
2022-01-10 00:10:55,602 DEBUG   HandlerThread:79562 [handler.py:handle_request():130] handle_request: poll_exit
2022-01-10 00:10:55,602 DEBUG   SenderThread:79562 [sender.py:send_request():252] send_request: poll_exit
2022-01-10 00:10:55,704 DEBUG   HandlerThread:79562 [handler.py:handle_request():130] handle_request: poll_exit
2022-01-10 00:10:55,704 DEBUG   SenderThread:79562 [sender.py:send_request():252] send_request: poll_exit
2022-01-10 00:10:55,806 DEBUG   HandlerThread:79562 [handler.py:handle_request():130] handle_request: poll_exit
2022-01-10 00:10:55,806 DEBUG   SenderThread:79562 [sender.py:send_request():252] send_request: poll_exit
2022-01-10 00:10:55,908 DEBUG   HandlerThread:79562 [handler.py:handle_request():130] handle_request: poll_exit
2022-01-10 00:10:55,908 DEBUG   SenderThread:79562 [sender.py:send_request():252] send_request: poll_exit
2022-01-10 00:10:55,938 ERROR   Thread-15 :79562 [internal_api.py:upload_file():1546] upload_file exception https://storage.googleapis.com/wandb-production.appspot.com/runnphoenix/Flatland-multi-agent-initial/2a1fso5g/wandb-summary.json?Expires=1641831052&GoogleAccessId=wandb-production%40appspot.gserviceaccount.com&Signature=tICq%2Fzsxv4ufN5ohTlGKd1FjzdF%2FuLjyARmjC4%2FjtZnQtehsKf7z4Ej0XqwhG83O6luvxPM4AIa5%2FlD7d71HqCKWerDRsLPuPfy%2Fxaq%2BVi5gndD5qoZbGaLGLkj0L8SKXJ4PcDKguyiJZrwHLeeA1dT%2FVgfMUyBlP2IgTKH1qb8qpR0SvTNzWQ1naJklAAZ3fa0my1W3znBCRG5KYFvMlUDrBvpOfZzRG4BcGucpBR0dfoE7jw625Z0DFnBgRhiWklVqW80g19br03W1%2FQZfIl8QY8srlZYYxzUMX%2BmiC891aTmKT70bTmy2rxFSd5r%2FjjzzuZGpX62XiBXCTHVNhw%3D%3D HTTPSConnectionPool(host='storage.googleapis.com', port=443): Max retries exceeded with url: /wandb-production.appspot.com/runnphoenix/Flatland-multi-agent-initial/2a1fso5g/wandb-summary.json?Expires=1641831052&GoogleAccessId=wandb-production%40appspot.gserviceaccount.com&Signature=tICq%2Fzsxv4ufN5ohTlGKd1FjzdF%2FuLjyARmjC4%2FjtZnQtehsKf7z4Ej0XqwhG83O6luvxPM4AIa5%2FlD7d71HqCKWerDRsLPuPfy%2Fxaq%2BVi5gndD5qoZbGaLGLkj0L8SKXJ4PcDKguyiJZrwHLeeA1dT%2FVgfMUyBlP2IgTKH1qb8qpR0SvTNzWQ1naJklAAZ3fa0my1W3znBCRG5KYFvMlUDrBvpOfZzRG4BcGucpBR0dfoE7jw625Z0DFnBgRhiWklVqW80g19br03W1%2FQZfIl8QY8srlZYYxzUMX%2BmiC891aTmKT70bTmy2rxFSd5r%2FjjzzuZGpX62XiBXCTHVNhw%3D%3D (Caused by ProxyError('Cannot connect to proxy.', OSError(0, 'Error')))
2022-01-10 00:10:56,010 DEBUG   HandlerThread:79562 [handler.py:handle_request():130] handle_request: poll_exit
2022-01-10 00:10:56,010 DEBUG   SenderThread:79562 [sender.py:send_request():252] send_request: poll_exit
2022-01-10 00:10:56,111 DEBUG   HandlerThread:79562 [handler.py:handle_request():130] handle_request: poll_exit
2022-01-10 00:10:56,112 DEBUG   SenderThread:79562 [sender.py:send_request():252] send_request: poll_exit
2022-01-10 00:10:56,213 DEBUG   HandlerThread:79562 [handler.py:handle_request():130] handle_request: poll_exit
2022-01-10 00:10:56,213 DEBUG   SenderThread:79562 [sender.py:send_request():252] send_request: poll_exit
2022-01-10 00:10:56,315 DEBUG   HandlerThread:79562 [handler.py:handle_request():130] handle_request: poll_exit
2022-01-10 00:10:56,315 DEBUG   SenderThread:79562 [sender.py:send_request():252] send_request: poll_exit
2022-01-10 00:10:56,417 DEBUG   HandlerThread:79562 [handler.py:handle_request():130] handle_request: poll_exit
2022-01-10 00:10:56,417 DEBUG   SenderThread:79562 [sender.py:send_request():252] send_request: poll_exit
2022-01-10 00:10:56,518 DEBUG   HandlerThread:79562 [handler.py:handle_request():130] handle_request: poll_exit
2022-01-10 00:10:56,519 DEBUG   SenderThread:79562 [sender.py:send_request():252] send_request: poll_exit
2022-01-10 00:10:56,620 DEBUG   HandlerThread:79562 [handler.py:handle_request():130] handle_request: poll_exit
2022-01-10 00:10:56,621 DEBUG   SenderThread:79562 [sender.py:send_request():252] send_request: poll_exit
2022-01-10 00:10:56,722 DEBUG   HandlerThread:79562 [handler.py:handle_request():130] handle_request: poll_exit
2022-01-10 00:10:56,722 DEBUG   SenderThread:79562 [sender.py:send_request():252] send_request: poll_exit
2022-01-10 00:10:56,824 DEBUG   HandlerThread:79562 [handler.py:handle_request():130] handle_request: poll_exit
2022-01-10 00:10:56,824 DEBUG   SenderThread:79562 [sender.py:send_request():252] send_request: poll_exit
2022-01-10 00:10:56,925 DEBUG   HandlerThread:79562 [handler.py:handle_request():130] handle_request: poll_exit
2022-01-10 00:10:56,926 DEBUG   SenderThread:79562 [sender.py:send_request():252] send_request: poll_exit
2022-01-10 00:10:57,027 DEBUG   HandlerThread:79562 [handler.py:handle_request():130] handle_request: poll_exit
2022-01-10 00:10:57,028 DEBUG   SenderThread:79562 [sender.py:send_request():252] send_request: poll_exit
2022-01-10 00:10:57,129 DEBUG   HandlerThread:79562 [handler.py:handle_request():130] handle_request: poll_exit
2022-01-10 00:10:57,129 DEBUG   SenderThread:79562 [sender.py:send_request():252] send_request: poll_exit
2022-01-10 00:10:57,231 DEBUG   HandlerThread:79562 [handler.py:handle_request():130] handle_request: poll_exit
2022-01-10 00:10:57,231 DEBUG   SenderThread:79562 [sender.py:send_request():252] send_request: poll_exit
2022-01-10 00:10:57,333 DEBUG   HandlerThread:79562 [handler.py:handle_request():130] handle_request: poll_exit
2022-01-10 00:10:57,333 DEBUG   SenderThread:79562 [sender.py:send_request():252] send_request: poll_exit
2022-01-10 00:10:57,434 DEBUG   HandlerThread:79562 [handler.py:handle_request():130] handle_request: poll_exit
2022-01-10 00:10:57,435 DEBUG   SenderThread:79562 [sender.py:send_request():252] send_request: poll_exit
2022-01-10 00:10:57,536 DEBUG   HandlerThread:79562 [handler.py:handle_request():130] handle_request: poll_exit
2022-01-10 00:10:57,536 DEBUG   SenderThread:79562 [sender.py:send_request():252] send_request: poll_exit
2022-01-10 00:10:57,638 DEBUG   HandlerThread:79562 [handler.py:handle_request():130] handle_request: poll_exit
2022-01-10 00:10:57,638 DEBUG   SenderThread:79562 [sender.py:send_request():252] send_request: poll_exit
2022-01-10 00:10:57,740 DEBUG   HandlerThread:79562 [handler.py:handle_request():130] handle_request: poll_exit
2022-01-10 00:10:57,740 DEBUG   SenderThread:79562 [sender.py:send_request():252] send_request: poll_exit
2022-01-10 00:10:57,842 DEBUG   HandlerThread:79562 [handler.py:handle_request():130] handle_request: poll_exit
2022-01-10 00:10:57,842 DEBUG   SenderThread:79562 [sender.py:send_request():252] send_request: poll_exit
2022-01-10 00:10:57,943 DEBUG   HandlerThread:79562 [handler.py:handle_request():130] handle_request: poll_exit
2022-01-10 00:10:57,944 DEBUG   SenderThread:79562 [sender.py:send_request():252] send_request: poll_exit
2022-01-10 00:10:58,045 DEBUG   HandlerThread:79562 [handler.py:handle_request():130] handle_request: poll_exit
2022-01-10 00:10:58,045 DEBUG   SenderThread:79562 [sender.py:send_request():252] send_request: poll_exit
2022-01-10 00:10:58,147 DEBUG   HandlerThread:79562 [handler.py:handle_request():130] handle_request: poll_exit
2022-01-10 00:10:58,147 DEBUG   SenderThread:79562 [sender.py:send_request():252] send_request: poll_exit
2022-01-10 00:10:58,249 DEBUG   HandlerThread:79562 [handler.py:handle_request():130] handle_request: poll_exit
2022-01-10 00:10:58,249 DEBUG   SenderThread:79562 [sender.py:send_request():252] send_request: poll_exit
2022-01-10 00:10:58,351 DEBUG   HandlerThread:79562 [handler.py:handle_request():130] handle_request: poll_exit
2022-01-10 00:10:58,351 DEBUG   SenderThread:79562 [sender.py:send_request():252] send_request: poll_exit
2022-01-10 00:10:58,452 DEBUG   HandlerThread:79562 [handler.py:handle_request():130] handle_request: poll_exit
2022-01-10 00:10:58,453 DEBUG   SenderThread:79562 [sender.py:send_request():252] send_request: poll_exit
2022-01-10 00:10:58,554 DEBUG   HandlerThread:79562 [handler.py:handle_request():130] handle_request: poll_exit
2022-01-10 00:10:58,555 DEBUG   SenderThread:79562 [sender.py:send_request():252] send_request: poll_exit
2022-01-10 00:10:58,656 DEBUG   HandlerThread:79562 [handler.py:handle_request():130] handle_request: poll_exit
2022-01-10 00:10:58,656 DEBUG   SenderThread:79562 [sender.py:send_request():252] send_request: poll_exit
2022-01-10 00:10:58,758 DEBUG   HandlerThread:79562 [handler.py:handle_request():130] handle_request: poll_exit
2022-01-10 00:10:58,758 DEBUG   SenderThread:79562 [sender.py:send_request():252] send_request: poll_exit
2022-01-10 00:10:58,860 DEBUG   HandlerThread:79562 [handler.py:handle_request():130] handle_request: poll_exit
2022-01-10 00:10:58,860 DEBUG   SenderThread:79562 [sender.py:send_request():252] send_request: poll_exit
2022-01-10 00:10:58,962 DEBUG   HandlerThread:79562 [handler.py:handle_request():130] handle_request: poll_exit
2022-01-10 00:10:58,962 DEBUG   SenderThread:79562 [sender.py:send_request():252] send_request: poll_exit
2022-01-10 00:10:59,063 DEBUG   HandlerThread:79562 [handler.py:handle_request():130] handle_request: poll_exit
2022-01-10 00:10:59,064 DEBUG   SenderThread:79562 [sender.py:send_request():252] send_request: poll_exit
2022-01-10 00:10:59,165 DEBUG   HandlerThread:79562 [handler.py:handle_request():130] handle_request: poll_exit
2022-01-10 00:10:59,165 DEBUG   SenderThread:79562 [sender.py:send_request():252] send_request: poll_exit
2022-01-10 00:10:59,267 DEBUG   HandlerThread:79562 [handler.py:handle_request():130] handle_request: poll_exit
2022-01-10 00:10:59,267 DEBUG   SenderThread:79562 [sender.py:send_request():252] send_request: poll_exit
2022-01-10 00:10:59,369 DEBUG   HandlerThread:79562 [handler.py:handle_request():130] handle_request: poll_exit
2022-01-10 00:10:59,369 DEBUG   SenderThread:79562 [sender.py:send_request():252] send_request: poll_exit
2022-01-10 00:10:59,471 DEBUG   HandlerThread:79562 [handler.py:handle_request():130] handle_request: poll_exit
2022-01-10 00:10:59,471 DEBUG   SenderThread:79562 [sender.py:send_request():252] send_request: poll_exit
2022-01-10 00:10:59,572 DEBUG   HandlerThread:79562 [handler.py:handle_request():130] handle_request: poll_exit
2022-01-10 00:10:59,573 DEBUG   SenderThread:79562 [sender.py:send_request():252] send_request: poll_exit
2022-01-10 00:10:59,674 DEBUG   HandlerThread:79562 [handler.py:handle_request():130] handle_request: poll_exit
2022-01-10 00:10:59,675 DEBUG   SenderThread:79562 [sender.py:send_request():252] send_request: poll_exit
2022-01-10 00:10:59,776 DEBUG   HandlerThread:79562 [handler.py:handle_request():130] handle_request: poll_exit
2022-01-10 00:10:59,776 DEBUG   SenderThread:79562 [sender.py:send_request():252] send_request: poll_exit
2022-01-10 00:10:59,878 DEBUG   HandlerThread:79562 [handler.py:handle_request():130] handle_request: poll_exit
2022-01-10 00:10:59,878 DEBUG   SenderThread:79562 [sender.py:send_request():252] send_request: poll_exit
2022-01-10 00:10:59,979 DEBUG   HandlerThread:79562 [handler.py:handle_request():130] handle_request: poll_exit
2022-01-10 00:10:59,980 DEBUG   SenderThread:79562 [sender.py:send_request():252] send_request: poll_exit
2022-01-10 00:11:00,081 DEBUG   HandlerThread:79562 [handler.py:handle_request():130] handle_request: poll_exit
2022-01-10 00:11:00,081 DEBUG   SenderThread:79562 [sender.py:send_request():252] send_request: poll_exit
2022-01-10 00:11:00,183 DEBUG   HandlerThread:79562 [handler.py:handle_request():130] handle_request: poll_exit
2022-01-10 00:11:00,183 DEBUG   SenderThread:79562 [sender.py:send_request():252] send_request: poll_exit
2022-01-10 00:11:00,285 DEBUG   HandlerThread:79562 [handler.py:handle_request():130] handle_request: poll_exit
2022-01-10 00:11:00,285 DEBUG   SenderThread:79562 [sender.py:send_request():252] send_request: poll_exit
2022-01-10 00:11:00,310 ERROR   Thread-15 :79562 [internal_api.py:upload_file():1546] upload_file exception https://storage.googleapis.com/wandb-production.appspot.com/runnphoenix/Flatland-multi-agent-initial/2a1fso5g/wandb-summary.json?Expires=1641831052&GoogleAccessId=wandb-production%40appspot.gserviceaccount.com&Signature=tICq%2Fzsxv4ufN5ohTlGKd1FjzdF%2FuLjyARmjC4%2FjtZnQtehsKf7z4Ej0XqwhG83O6luvxPM4AIa5%2FlD7d71HqCKWerDRsLPuPfy%2Fxaq%2BVi5gndD5qoZbGaLGLkj0L8SKXJ4PcDKguyiJZrwHLeeA1dT%2FVgfMUyBlP2IgTKH1qb8qpR0SvTNzWQ1naJklAAZ3fa0my1W3znBCRG5KYFvMlUDrBvpOfZzRG4BcGucpBR0dfoE7jw625Z0DFnBgRhiWklVqW80g19br03W1%2FQZfIl8QY8srlZYYxzUMX%2BmiC891aTmKT70bTmy2rxFSd5r%2FjjzzuZGpX62XiBXCTHVNhw%3D%3D HTTPSConnectionPool(host='storage.googleapis.com', port=443): Max retries exceeded with url: /wandb-production.appspot.com/runnphoenix/Flatland-multi-agent-initial/2a1fso5g/wandb-summary.json?Expires=1641831052&GoogleAccessId=wandb-production%40appspot.gserviceaccount.com&Signature=tICq%2Fzsxv4ufN5ohTlGKd1FjzdF%2FuLjyARmjC4%2FjtZnQtehsKf7z4Ej0XqwhG83O6luvxPM4AIa5%2FlD7d71HqCKWerDRsLPuPfy%2Fxaq%2BVi5gndD5qoZbGaLGLkj0L8SKXJ4PcDKguyiJZrwHLeeA1dT%2FVgfMUyBlP2IgTKH1qb8qpR0SvTNzWQ1naJklAAZ3fa0my1W3znBCRG5KYFvMlUDrBvpOfZzRG4BcGucpBR0dfoE7jw625Z0DFnBgRhiWklVqW80g19br03W1%2FQZfIl8QY8srlZYYxzUMX%2BmiC891aTmKT70bTmy2rxFSd5r%2FjjzzuZGpX62XiBXCTHVNhw%3D%3D (Caused by ProxyError('Cannot connect to proxy.', OSError(0, 'Error')))
2022-01-10 00:11:00,310 ERROR   Thread-15 :79562 [retry.py:__call__():126] Retry attempt failed:
Traceback (most recent call last):
  File "/home/runnphoenix/anaconda3/lib/python3.8/site-packages/urllib3/connectionpool.py", line 696, in urlopen
    self._prepare_proxy(conn)
  File "/home/runnphoenix/anaconda3/lib/python3.8/site-packages/urllib3/connectionpool.py", line 964, in _prepare_proxy
    conn.connect()
  File "/home/runnphoenix/anaconda3/lib/python3.8/site-packages/urllib3/connection.py", line 411, in connect
    self.sock = ssl_wrap_socket(
  File "/home/runnphoenix/anaconda3/lib/python3.8/site-packages/urllib3/util/ssl_.py", line 428, in ssl_wrap_socket
    ssl_sock = _ssl_wrap_socket_impl(
  File "/home/runnphoenix/anaconda3/lib/python3.8/site-packages/urllib3/util/ssl_.py", line 472, in _ssl_wrap_socket_impl
    return ssl_context.wrap_socket(sock, server_hostname=server_hostname)
  File "/home/runnphoenix/anaconda3/lib/python3.8/ssl.py", line 500, in wrap_socket
    return self.sslsocket_class._create(
  File "/home/runnphoenix/anaconda3/lib/python3.8/ssl.py", line 1040, in _create
    self.do_handshake()
  File "/home/runnphoenix/anaconda3/lib/python3.8/ssl.py", line 1309, in do_handshake
    self._sslobj.do_handshake()
OSError: [Errno 0] Error

During handling of the above exception, another exception occurred:

Traceback (most recent call last):
  File "/home/runnphoenix/anaconda3/lib/python3.8/site-packages/requests/adapters.py", line 439, in send
    resp = conn.urlopen(
  File "/home/runnphoenix/anaconda3/lib/python3.8/site-packages/urllib3/connectionpool.py", line 755, in urlopen
    retries = retries.increment(
  File "/home/runnphoenix/anaconda3/lib/python3.8/site-packages/urllib3/util/retry.py", line 573, in increment
    raise MaxRetryError(_pool, url, error or ResponseError(cause))
urllib3.exceptions.MaxRetryError: HTTPSConnectionPool(host='storage.googleapis.com', port=443): Max retries exceeded with url: /wandb-production.appspot.com/runnphoenix/Flatland-multi-agent-initial/2a1fso5g/wandb-summary.json?Expires=1641831052&GoogleAccessId=wandb-production%40appspot.gserviceaccount.com&Signature=tICq%2Fzsxv4ufN5ohTlGKd1FjzdF%2FuLjyARmjC4%2FjtZnQtehsKf7z4Ej0XqwhG83O6luvxPM4AIa5%2FlD7d71HqCKWerDRsLPuPfy%2Fxaq%2BVi5gndD5qoZbGaLGLkj0L8SKXJ4PcDKguyiJZrwHLeeA1dT%2FVgfMUyBlP2IgTKH1qb8qpR0SvTNzWQ1naJklAAZ3fa0my1W3znBCRG5KYFvMlUDrBvpOfZzRG4BcGucpBR0dfoE7jw625Z0DFnBgRhiWklVqW80g19br03W1%2FQZfIl8QY8srlZYYxzUMX%2BmiC891aTmKT70bTmy2rxFSd5r%2FjjzzuZGpX62XiBXCTHVNhw%3D%3D (Caused by ProxyError('Cannot connect to proxy.', OSError(0, 'Error')))

During handling of the above exception, another exception occurred:

Traceback (most recent call last):
  File "/home/runnphoenix/anaconda3/lib/python3.8/site-packages/wandb/sdk/internal/internal_api.py", line 1543, in upload_file
    response = requests.put(url, data=progress, headers=extra_headers)
  File "/home/runnphoenix/anaconda3/lib/python3.8/site-packages/requests/api.py", line 134, in put
    return request('put', url, data=data, **kwargs)
  File "/home/runnphoenix/anaconda3/lib/python3.8/site-packages/requests/api.py", line 61, in request
    return session.request(method=method, url=url, **kwargs)
  File "/home/runnphoenix/anaconda3/lib/python3.8/site-packages/requests/sessions.py", line 542, in request
    resp = self.send(prep, **send_kwargs)
  File "/home/runnphoenix/anaconda3/lib/python3.8/site-packages/requests/sessions.py", line 655, in send
    r = adapter.send(request, **kwargs)
  File "/home/runnphoenix/anaconda3/lib/python3.8/site-packages/requests/adapters.py", line 510, in send
    raise ProxyError(e, request=request)
requests.exceptions.ProxyError: HTTPSConnectionPool(host='storage.googleapis.com', port=443): Max retries exceeded with url: /wandb-production.appspot.com/runnphoenix/Flatland-multi-agent-initial/2a1fso5g/wandb-summary.json?Expires=1641831052&GoogleAccessId=wandb-production%40appspot.gserviceaccount.com&Signature=tICq%2Fzsxv4ufN5ohTlGKd1FjzdF%2FuLjyARmjC4%2FjtZnQtehsKf7z4Ej0XqwhG83O6luvxPM4AIa5%2FlD7d71HqCKWerDRsLPuPfy%2Fxaq%2BVi5gndD5qoZbGaLGLkj0L8SKXJ4PcDKguyiJZrwHLeeA1dT%2FVgfMUyBlP2IgTKH1qb8qpR0SvTNzWQ1naJklAAZ3fa0my1W3znBCRG5KYFvMlUDrBvpOfZzRG4BcGucpBR0dfoE7jw625Z0DFnBgRhiWklVqW80g19br03W1%2FQZfIl8QY8srlZYYxzUMX%2BmiC891aTmKT70bTmy2rxFSd5r%2FjjzzuZGpX62XiBXCTHVNhw%3D%3D (Caused by ProxyError('Cannot connect to proxy.', OSError(0, 'Error')))

During handling of the above exception, another exception occurred:

Traceback (most recent call last):
  File "/home/runnphoenix/anaconda3/lib/python3.8/site-packages/wandb/sdk/lib/retry.py", line 102, in __call__
    result = self._call_fn(*args, **kwargs)
  File "/home/runnphoenix/anaconda3/lib/python3.8/site-packages/wandb/sdk/internal/internal_api.py", line 1555, in upload_file
    six.reraise(type(e), e, sys.exc_info()[2])
  File "/home/runnphoenix/anaconda3/lib/python3.8/site-packages/six.py", line 702, in reraise
    raise value.with_traceback(tb)
  File "/home/runnphoenix/anaconda3/lib/python3.8/site-packages/wandb/sdk/internal/internal_api.py", line 1543, in upload_file
    response = requests.put(url, data=progress, headers=extra_headers)
  File "/home/runnphoenix/anaconda3/lib/python3.8/site-packages/requests/api.py", line 134, in put
    return request('put', url, data=data, **kwargs)
  File "/home/runnphoenix/anaconda3/lib/python3.8/site-packages/requests/api.py", line 61, in request
    return session.request(method=method, url=url, **kwargs)
  File "/home/runnphoenix/anaconda3/lib/python3.8/site-packages/requests/sessions.py", line 542, in request
    resp = self.send(prep, **send_kwargs)
  File "/home/runnphoenix/anaconda3/lib/python3.8/site-packages/requests/sessions.py", line 655, in send
    r = adapter.send(request, **kwargs)
  File "/home/runnphoenix/anaconda3/lib/python3.8/site-packages/requests/adapters.py", line 510, in send
    raise ProxyError(e, request=request)
wandb.sdk.lib.retry.TransientError: None
2022-01-10 00:11:00,388 DEBUG   HandlerThread:79562 [handler.py:handle_request():130] handle_request: poll_exit
2022-01-10 00:11:00,389 DEBUG   SenderThread:79562 [sender.py:send_request():252] send_request: poll_exit
2022-01-10 00:11:00,389 ERROR   Thread-16 :79562 [internal_api.py:upload_file():1546] upload_file exception https://storage.googleapis.com/wandb-production.appspot.com/runnphoenix/Flatland-multi-agent-initial/2a1fso5g/conda-environment.yaml?Expires=1641831050&GoogleAccessId=wandb-production%40appspot.gserviceaccount.com&Signature=gH1yYkY0jbccpjHznLV87DL7EDz4bL5cGntiobNr0Krf6lW%2Ft8BpxtmT735F8wHk9Y%2BYt0R%2FRCOU%2B8XsW7Yahogk3KC8gWRB9dK5ZCL4xInAGeiYqwPAufoomhjgdczKYd0Y3in1t1MEOsoMAbLwtq5RlXGLyB39bBkijDXrTGHq2iGmO1pYUpinuSKeP3ELVywKlLzZTQx5Ood%2BuEeWFFv7Ooq%2B0H3y7V%2BGzcWmz%2BtCKVOg6w23jB0eZ7sQg9P%2F5BKHcgOGK79wuXoViFDDJp2eq83EA4IfZWE%2FxlUoxdSaZUfvBOvHU0qM7Vpgl1eSq%2BT%2BziHBVcDgMFGE1fUcVA%3D%3D HTTPSConnectionPool(host='storage.googleapis.com', port=443): Max retries exceeded with url: /wandb-production.appspot.com/runnphoenix/Flatland-multi-agent-initial/2a1fso5g/conda-environment.yaml?Expires=1641831050&GoogleAccessId=wandb-production%40appspot.gserviceaccount.com&Signature=gH1yYkY0jbccpjHznLV87DL7EDz4bL5cGntiobNr0Krf6lW%2Ft8BpxtmT735F8wHk9Y%2BYt0R%2FRCOU%2B8XsW7Yahogk3KC8gWRB9dK5ZCL4xInAGeiYqwPAufoomhjgdczKYd0Y3in1t1MEOsoMAbLwtq5RlXGLyB39bBkijDXrTGHq2iGmO1pYUpinuSKeP3ELVywKlLzZTQx5Ood%2BuEeWFFv7Ooq%2B0H3y7V%2BGzcWmz%2BtCKVOg6w23jB0eZ7sQg9P%2F5BKHcgOGK79wuXoViFDDJp2eq83EA4IfZWE%2FxlUoxdSaZUfvBOvHU0qM7Vpgl1eSq%2BT%2BziHBVcDgMFGE1fUcVA%3D%3D (Caused by ProxyError('Cannot connect to proxy.', OSError(0, 'Error')))
2022-01-10 00:11:00,491 DEBUG   HandlerThread:79562 [handler.py:handle_request():130] handle_request: poll_exit
2022-01-10 00:11:00,492 DEBUG   SenderThread:79562 [sender.py:send_request():252] send_request: poll_exit
2022-01-10 00:11:00,593 DEBUG   HandlerThread:79562 [handler.py:handle_request():130] handle_request: poll_exit
2022-01-10 00:11:00,593 DEBUG   SenderThread:79562 [sender.py:send_request():252] send_request: poll_exit
2022-01-10 00:11:00,695 DEBUG   HandlerThread:79562 [handler.py:handle_request():130] handle_request: poll_exit
2022-01-10 00:11:00,695 DEBUG   SenderThread:79562 [sender.py:send_request():252] send_request: poll_exit
2022-01-10 00:11:00,797 DEBUG   HandlerThread:79562 [handler.py:handle_request():130] handle_request: poll_exit
2022-01-10 00:11:00,797 DEBUG   SenderThread:79562 [sender.py:send_request():252] send_request: poll_exit
2022-01-10 00:11:00,898 DEBUG   HandlerThread:79562 [handler.py:handle_request():130] handle_request: poll_exit
2022-01-10 00:11:00,899 DEBUG   SenderThread:79562 [sender.py:send_request():252] send_request: poll_exit
2022-01-10 00:11:01,000 DEBUG   HandlerThread:79562 [handler.py:handle_request():130] handle_request: poll_exit
2022-01-10 00:11:01,001 DEBUG   SenderThread:79562 [sender.py:send_request():252] send_request: poll_exit
2022-01-10 00:11:01,102 DEBUG   HandlerThread:79562 [handler.py:handle_request():130] handle_request: poll_exit
2022-01-10 00:11:01,102 DEBUG   SenderThread:79562 [sender.py:send_request():252] send_request: poll_exit
2022-01-10 00:11:01,204 DEBUG   HandlerThread:79562 [handler.py:handle_request():130] handle_request: poll_exit
2022-01-10 00:11:01,204 DEBUG   SenderThread:79562 [sender.py:send_request():252] send_request: poll_exit
2022-01-10 00:11:01,306 DEBUG   HandlerThread:79562 [handler.py:handle_request():130] handle_request: poll_exit
2022-01-10 00:11:01,306 DEBUG   SenderThread:79562 [sender.py:send_request():252] send_request: poll_exit
2022-01-10 00:11:01,408 DEBUG   HandlerThread:79562 [handler.py:handle_request():130] handle_request: poll_exit
2022-01-10 00:11:01,408 DEBUG   SenderThread:79562 [sender.py:send_request():252] send_request: poll_exit
2022-01-10 00:11:01,510 DEBUG   HandlerThread:79562 [handler.py:handle_request():130] handle_request: poll_exit
2022-01-10 00:11:01,510 DEBUG   SenderThread:79562 [sender.py:send_request():252] send_request: poll_exit
2022-01-10 00:11:01,611 DEBUG   HandlerThread:79562 [handler.py:handle_request():130] handle_request: poll_exit
2022-01-10 00:11:01,612 DEBUG   SenderThread:79562 [sender.py:send_request():252] send_request: poll_exit
2022-01-10 00:11:01,713 DEBUG   HandlerThread:79562 [handler.py:handle_request():130] handle_request: poll_exit
2022-01-10 00:11:01,713 DEBUG   SenderThread:79562 [sender.py:send_request():252] send_request: poll_exit
2022-01-10 00:11:01,815 DEBUG   HandlerThread:79562 [handler.py:handle_request():130] handle_request: poll_exit
2022-01-10 00:11:01,815 DEBUG   SenderThread:79562 [sender.py:send_request():252] send_request: poll_exit
2022-01-10 00:11:01,917 DEBUG   HandlerThread:79562 [handler.py:handle_request():130] handle_request: poll_exit
2022-01-10 00:11:01,917 DEBUG   SenderThread:79562 [sender.py:send_request():252] send_request: poll_exit
2022-01-10 00:11:02,018 DEBUG   HandlerThread:79562 [handler.py:handle_request():130] handle_request: poll_exit
2022-01-10 00:11:02,019 DEBUG   SenderThread:79562 [sender.py:send_request():252] send_request: poll_exit
2022-01-10 00:11:02,120 DEBUG   HandlerThread:79562 [handler.py:handle_request():130] handle_request: poll_exit
2022-01-10 00:11:02,120 DEBUG   SenderThread:79562 [sender.py:send_request():252] send_request: poll_exit
2022-01-10 00:11:02,222 DEBUG   HandlerThread:79562 [handler.py:handle_request():130] handle_request: poll_exit
2022-01-10 00:11:02,222 DEBUG   SenderThread:79562 [sender.py:send_request():252] send_request: poll_exit
2022-01-10 00:11:02,324 DEBUG   HandlerThread:79562 [handler.py:handle_request():130] handle_request: poll_exit
2022-01-10 00:11:02,324 DEBUG   SenderThread:79562 [sender.py:send_request():252] send_request: poll_exit
2022-01-10 00:11:02,425 DEBUG   HandlerThread:79562 [handler.py:handle_request():130] handle_request: poll_exit
2022-01-10 00:11:02,426 DEBUG   SenderThread:79562 [sender.py:send_request():252] send_request: poll_exit
2022-01-10 00:11:02,527 DEBUG   HandlerThread:79562 [handler.py:handle_request():130] handle_request: poll_exit
2022-01-10 00:11:02,528 DEBUG   SenderThread:79562 [sender.py:send_request():252] send_request: poll_exit
2022-01-10 00:11:02,629 DEBUG   HandlerThread:79562 [handler.py:handle_request():130] handle_request: poll_exit
2022-01-10 00:11:02,629 DEBUG   SenderThread:79562 [sender.py:send_request():252] send_request: poll_exit
2022-01-10 00:11:02,731 DEBUG   HandlerThread:79562 [handler.py:handle_request():130] handle_request: poll_exit
2022-01-10 00:11:02,731 DEBUG   SenderThread:79562 [sender.py:send_request():252] send_request: poll_exit
2022-01-10 00:11:02,833 DEBUG   HandlerThread:79562 [handler.py:handle_request():130] handle_request: poll_exit
2022-01-10 00:11:02,833 DEBUG   SenderThread:79562 [sender.py:send_request():252] send_request: poll_exit
2022-01-10 00:11:02,934 DEBUG   HandlerThread:79562 [handler.py:handle_request():130] handle_request: poll_exit
2022-01-10 00:11:02,935 DEBUG   SenderThread:79562 [sender.py:send_request():252] send_request: poll_exit
2022-01-10 00:11:03,036 DEBUG   HandlerThread:79562 [handler.py:handle_request():130] handle_request: poll_exit
2022-01-10 00:11:03,037 DEBUG   SenderThread:79562 [sender.py:send_request():252] send_request: poll_exit
2022-01-10 00:11:03,138 DEBUG   HandlerThread:79562 [handler.py:handle_request():130] handle_request: poll_exit
2022-01-10 00:11:03,138 DEBUG   SenderThread:79562 [sender.py:send_request():252] send_request: poll_exit
2022-01-10 00:11:03,240 DEBUG   HandlerThread:79562 [handler.py:handle_request():130] handle_request: poll_exit
2022-01-10 00:11:03,240 DEBUG   SenderThread:79562 [sender.py:send_request():252] send_request: poll_exit
2022-01-10 00:11:03,342 DEBUG   HandlerThread:79562 [handler.py:handle_request():130] handle_request: poll_exit
2022-01-10 00:11:03,342 DEBUG   SenderThread:79562 [sender.py:send_request():252] send_request: poll_exit
2022-01-10 00:11:03,444 DEBUG   HandlerThread:79562 [handler.py:handle_request():130] handle_request: poll_exit
2022-01-10 00:11:03,444 DEBUG   SenderThread:79562 [sender.py:send_request():252] send_request: poll_exit
2022-01-10 00:11:03,545 DEBUG   HandlerThread:79562 [handler.py:handle_request():130] handle_request: poll_exit
2022-01-10 00:11:03,546 DEBUG   SenderThread:79562 [sender.py:send_request():252] send_request: poll_exit
2022-01-10 00:11:03,647 DEBUG   HandlerThread:79562 [handler.py:handle_request():130] handle_request: poll_exit
2022-01-10 00:11:03,647 DEBUG   SenderThread:79562 [sender.py:send_request():252] send_request: poll_exit
2022-01-10 00:11:03,749 DEBUG   HandlerThread:79562 [handler.py:handle_request():130] handle_request: poll_exit
2022-01-10 00:11:03,749 DEBUG   SenderThread:79562 [sender.py:send_request():252] send_request: poll_exit
2022-01-10 00:11:03,851 DEBUG   HandlerThread:79562 [handler.py:handle_request():130] handle_request: poll_exit
2022-01-10 00:11:03,851 DEBUG   SenderThread:79562 [sender.py:send_request():252] send_request: poll_exit
2022-01-10 00:11:03,952 DEBUG   HandlerThread:79562 [handler.py:handle_request():130] handle_request: poll_exit
2022-01-10 00:11:03,953 DEBUG   SenderThread:79562 [sender.py:send_request():252] send_request: poll_exit
2022-01-10 00:11:04,054 DEBUG   HandlerThread:79562 [handler.py:handle_request():130] handle_request: poll_exit
2022-01-10 00:11:04,054 DEBUG   SenderThread:79562 [sender.py:send_request():252] send_request: poll_exit
2022-01-10 00:11:04,156 DEBUG   HandlerThread:79562 [handler.py:handle_request():130] handle_request: poll_exit
2022-01-10 00:11:04,156 DEBUG   SenderThread:79562 [sender.py:send_request():252] send_request: poll_exit
2022-01-10 00:11:04,210 INFO    Thread-12 :79562 [upload_job.py:push():137] Uploaded file /home/runnphoenix/work/flatland-rl/rainbow/wandb/run-20220109_235254-2a1fso5g/files/config.yaml
2022-01-10 00:11:04,258 DEBUG   HandlerThread:79562 [handler.py:handle_request():130] handle_request: poll_exit
2022-01-10 00:11:04,258 DEBUG   SenderThread:79562 [sender.py:send_request():252] send_request: poll_exit
2022-01-10 00:11:04,360 DEBUG   HandlerThread:79562 [handler.py:handle_request():130] handle_request: poll_exit
2022-01-10 00:11:04,360 DEBUG   SenderThread:79562 [sender.py:send_request():252] send_request: poll_exit
2022-01-10 00:11:04,394 INFO    Thread-13 :79562 [upload_job.py:push():137] Uploaded file /home/runnphoenix/work/flatland-rl/rainbow/wandb/run-20220109_235254-2a1fso5g/files/requirements.txt
2022-01-10 00:11:04,461 DEBUG   HandlerThread:79562 [handler.py:handle_request():130] handle_request: poll_exit
2022-01-10 00:11:04,462 DEBUG   SenderThread:79562 [sender.py:send_request():252] send_request: poll_exit
2022-01-10 00:11:04,563 DEBUG   HandlerThread:79562 [handler.py:handle_request():130] handle_request: poll_exit
2022-01-10 00:11:04,563 DEBUG   SenderThread:79562 [sender.py:send_request():252] send_request: poll_exit
2022-01-10 00:11:04,617 INFO    Thread-16 :79562 [upload_job.py:push():137] Uploaded file /home/runnphoenix/work/flatland-rl/rainbow/wandb/run-20220109_235254-2a1fso5g/files/conda-environment.yaml
2022-01-10 00:11:04,665 DEBUG   HandlerThread:79562 [handler.py:handle_request():130] handle_request: poll_exit
2022-01-10 00:11:04,665 DEBUG   SenderThread:79562 [sender.py:send_request():252] send_request: poll_exit
2022-01-10 00:11:04,767 DEBUG   HandlerThread:79562 [handler.py:handle_request():130] handle_request: poll_exit
2022-01-10 00:11:04,767 DEBUG   SenderThread:79562 [sender.py:send_request():252] send_request: poll_exit
2022-01-10 00:11:04,868 DEBUG   HandlerThread:79562 [handler.py:handle_request():130] handle_request: poll_exit
2022-01-10 00:11:04,869 DEBUG   SenderThread:79562 [sender.py:send_request():252] send_request: poll_exit
2022-01-10 00:11:04,970 DEBUG   HandlerThread:79562 [handler.py:handle_request():130] handle_request: poll_exit
2022-01-10 00:11:04,971 DEBUG   SenderThread:79562 [sender.py:send_request():252] send_request: poll_exit
2022-01-10 00:11:05,072 DEBUG   HandlerThread:79562 [handler.py:handle_request():130] handle_request: poll_exit
2022-01-10 00:11:05,072 DEBUG   SenderThread:79562 [sender.py:send_request():252] send_request: poll_exit
2022-01-10 00:11:05,174 DEBUG   HandlerThread:79562 [handler.py:handle_request():130] handle_request: poll_exit
2022-01-10 00:11:05,174 DEBUG   SenderThread:79562 [sender.py:send_request():252] send_request: poll_exit
2022-01-10 00:11:05,258 INFO    Thread-15 :79562 [upload_job.py:push():137] Uploaded file /home/runnphoenix/work/flatland-rl/rainbow/wandb/run-20220109_235254-2a1fso5g/files/wandb-summary.json
2022-01-10 00:11:05,276 DEBUG   HandlerThread:79562 [handler.py:handle_request():130] handle_request: poll_exit
2022-01-10 00:11:05,276 DEBUG   SenderThread:79562 [sender.py:send_request():252] send_request: poll_exit
2022-01-10 00:11:05,378 DEBUG   HandlerThread:79562 [handler.py:handle_request():130] handle_request: poll_exit
2022-01-10 00:11:05,378 DEBUG   SenderThread:79562 [sender.py:send_request():252] send_request: poll_exit
2022-01-10 00:11:05,458 INFO    Thread-7  :79562 [sender.py:transition_state():395] send defer: 7
2022-01-10 00:11:05,459 DEBUG   HandlerThread:79562 [handler.py:handle_request():130] handle_request: defer
2022-01-10 00:11:05,459 INFO    HandlerThread:79562 [handler.py:handle_request_defer():147] handle defer: 7
2022-01-10 00:11:05,459 DEBUG   SenderThread:79562 [sender.py:send_request():252] send_request: defer
2022-01-10 00:11:05,459 INFO    SenderThread:79562 [sender.py:send_request_defer():391] handle sender defer: 7
2022-01-10 00:11:05,479 DEBUG   HandlerThread:79562 [handler.py:handle_request():130] handle_request: poll_exit
2022-01-10 00:11:06,588 INFO    SenderThread:79562 [sender.py:transition_state():395] send defer: 8
2022-01-10 00:11:06,588 DEBUG   SenderThread:79562 [sender.py:send_request():252] send_request: poll_exit
2022-01-10 00:11:06,589 DEBUG   HandlerThread:79562 [handler.py:handle_request():130] handle_request: defer
2022-01-10 00:11:06,589 INFO    HandlerThread:79562 [handler.py:handle_request_defer():147] handle defer: 8
2022-01-10 00:11:06,589 DEBUG   SenderThread:79562 [sender.py:send_request():252] send_request: defer
2022-01-10 00:11:06,589 INFO    SenderThread:79562 [sender.py:send_request_defer():391] handle sender defer: 8
2022-01-10 00:11:06,589 INFO    SenderThread:79562 [sender.py:transition_state():395] send defer: 9
2022-01-10 00:11:06,590 DEBUG   SenderThread:79562 [sender.py:send():238] send: final
2022-01-10 00:11:06,590 DEBUG   SenderThread:79562 [sender.py:send():238] send: footer
2022-01-10 00:11:06,590 DEBUG   HandlerThread:79562 [handler.py:handle_request():130] handle_request: defer
2022-01-10 00:11:06,590 INFO    HandlerThread:79562 [handler.py:handle_request_defer():147] handle defer: 9
2022-01-10 00:11:06,590 DEBUG   SenderThread:79562 [sender.py:send_request():252] send_request: defer
2022-01-10 00:11:06,590 INFO    SenderThread:79562 [sender.py:send_request_defer():391] handle sender defer: 9
2022-01-10 00:11:06,690 DEBUG   HandlerThread:79562 [handler.py:handle_request():130] handle_request: poll_exit
2022-01-10 00:11:06,690 DEBUG   SenderThread:79562 [sender.py:send_request():252] send_request: poll_exit
2022-01-10 00:11:06,690 INFO    SenderThread:79562 [file_pusher.py:join():182] waiting for file pusher
2022-01-10 00:11:11,791 DEBUG   HandlerThread:79562 [handler.py:handle_request():130] handle_request: poll_exit
2022-01-10 00:11:15,296 DEBUG   SenderThread:79562 [sender.py:send_request():252] send_request: poll_exit
2022-01-10 00:11:15,296 INFO    SenderThread:79562 [file_pusher.py:join():182] waiting for file pusher
2022-01-10 00:11:15,298 DEBUG   HandlerThread:79562 [handler.py:handle_request():130] handle_request: get_summary
2022-01-10 00:11:15,301 DEBUG   HandlerThread:79562 [handler.py:handle_request():130] handle_request: sampled_history
2022-01-10 00:11:15,302 DEBUG   HandlerThread:79562 [handler.py:handle_request():130] handle_request: shutdown
2022-01-10 00:11:15,302 INFO    HandlerThread:79562 [handler.py:finish():731] shutting down handler
2022-01-10 00:11:15,592 INFO    WriterThread:79562 [datastore.py:close():281] close: /home/runnphoenix/work/flatland-rl/rainbow/wandb/run-20220109_235254-2a1fso5g/run-2a1fso5g.wandb
2022-01-10 00:11:16,297 INFO    SenderThread:79562 [sender.py:finish():1091] shutting down sender
2022-01-10 00:11:16,297 INFO    SenderThread:79562 [file_pusher.py:finish():177] shutting down file pusher
2022-01-10 00:11:16,297 INFO    SenderThread:79562 [file_pusher.py:join():182] waiting for file pusher
2022-01-10 00:11:16,299 INFO    MainThread:79562 [internal.py:handle_exit():77] Internal process exited
