2022-01-27 23:41:51,849 INFO    MainThread:1335954 [internal.py:wandb_internal():87] W&B internal server running at pid: 1335954, started at: 2022-01-27 23:41:51.849769
2022-01-27 23:41:51,851 DEBUG   HandlerThread:1335954 [handler.py:handle_request():130] handle_request: check_version
2022-01-27 23:41:51,852 INFO    WriterThread:1335954 [datastore.py:open_for_write():77] open: /home/runnphoenix/work/flatland-rl/rainbow/wandb/run-20220127_234151-316aqpn8/run-316aqpn8.wandb
2022-01-27 23:41:51,853 DEBUG   SenderThread:1335954 [sender.py:send():238] send: header
2022-01-27 23:41:51,853 DEBUG   SenderThread:1335954 [sender.py:send_request():252] send_request: check_version
2022-01-27 23:41:54,867 DEBUG   SenderThread:1335954 [sender.py:send():238] send: run
2022-01-27 23:42:08,671 INFO    SenderThread:1335954 [dir_watcher.py:__init__():169] watching files in: /home/runnphoenix/work/flatland-rl/rainbow/wandb/run-20220127_234151-316aqpn8/files
2022-01-27 23:42:08,671 INFO    SenderThread:1335954 [sender.py:_start_run_threads():825] run started: 316aqpn8 with start time 1643298111
2022-01-27 23:42:08,671 DEBUG   SenderThread:1335954 [sender.py:send():238] send: summary
2022-01-27 23:42:08,671 INFO    SenderThread:1335954 [sender.py:_save_file():960] saving file wandb-summary.json with policy end
2022-01-27 23:42:08,673 DEBUG   HandlerThread:1335954 [handler.py:handle_request():130] handle_request: run_start
2022-01-27 23:42:08,676 DEBUG   HandlerThread:1335954 [meta.py:__init__():40] meta init
2022-01-27 23:42:08,676 DEBUG   HandlerThread:1335954 [meta.py:__init__():54] meta init done
2022-01-27 23:42:08,676 DEBUG   HandlerThread:1335954 [meta.py:probe():214] probe
2022-01-27 23:42:08,682 DEBUG   HandlerThread:1335954 [meta.py:_setup_git():204] setup git
2022-01-27 23:42:08,696 DEBUG   HandlerThread:1335954 [meta.py:_setup_git():211] setup git done
2022-01-27 23:42:08,696 DEBUG   HandlerThread:1335954 [meta.py:_save_pip():58] save pip
2022-01-27 23:42:08,697 DEBUG   HandlerThread:1335954 [meta.py:_save_pip():72] save pip done
2022-01-27 23:42:08,697 DEBUG   HandlerThread:1335954 [meta.py:_save_conda():79] save conda
2022-01-27 23:42:09,673 INFO    Thread-8  :1335954 [dir_watcher.py:_on_file_created():217] file/dir created: /home/runnphoenix/work/flatland-rl/rainbow/wandb/run-20220127_234151-316aqpn8/files/conda-environment.yaml
2022-01-27 23:42:09,673 INFO    Thread-8  :1335954 [dir_watcher.py:_on_file_created():217] file/dir created: /home/runnphoenix/work/flatland-rl/rainbow/wandb/run-20220127_234151-316aqpn8/files/wandb-summary.json
2022-01-27 23:42:09,673 INFO    Thread-8  :1335954 [dir_watcher.py:_on_file_created():217] file/dir created: /home/runnphoenix/work/flatland-rl/rainbow/wandb/run-20220127_234151-316aqpn8/files/requirements.txt
2022-01-27 23:42:14,673 INFO    Thread-8  :1335954 [dir_watcher.py:_on_file_created():217] file/dir created: /home/runnphoenix/work/flatland-rl/rainbow/wandb/run-20220127_234151-316aqpn8/files/output.log
2022-01-27 23:42:16,673 INFO    Thread-8  :1335954 [dir_watcher.py:_on_file_modified():230] file/dir modified: /home/runnphoenix/work/flatland-rl/rainbow/wandb/run-20220127_234151-316aqpn8/files/output.log
2022-01-27 23:42:18,674 INFO    Thread-8  :1335954 [dir_watcher.py:_on_file_modified():230] file/dir modified: /home/runnphoenix/work/flatland-rl/rainbow/wandb/run-20220127_234151-316aqpn8/files/output.log
2022-01-27 23:42:22,675 INFO    Thread-8  :1335954 [dir_watcher.py:_on_file_modified():230] file/dir modified: /home/runnphoenix/work/flatland-rl/rainbow/wandb/run-20220127_234151-316aqpn8/files/conda-environment.yaml
2022-01-27 23:42:22,832 DEBUG   HandlerThread:1335954 [meta.py:_save_conda():89] save conda done
2022-01-27 23:42:22,832 DEBUG   HandlerThread:1335954 [meta.py:probe():252] probe done
2022-01-27 23:42:23,017 DEBUG   HandlerThread:1335954 [handler.py:handle_request():130] handle_request: stop_status
2022-01-27 23:42:23,017 DEBUG   SenderThread:1335954 [sender.py:send_request():252] send_request: stop_status
2022-01-27 23:42:23,675 INFO    Thread-8  :1335954 [dir_watcher.py:_on_file_created():217] file/dir created: /home/runnphoenix/work/flatland-rl/rainbow/wandb/run-20220127_234151-316aqpn8/files/wandb-metadata.json
2022-01-27 23:42:30,131 DEBUG   SenderThread:1335954 [sender.py:send():238] send: files
2022-01-27 23:42:30,133 INFO    SenderThread:1335954 [sender.py:_save_file():960] saving file wandb-metadata.json with policy now
2022-01-27 23:42:33,202 INFO    Thread-11 :1335954 [upload_job.py:push():137] Uploaded file /tmp/tmp5i2kdm3owandb/1u8w156m-wandb-metadata.json
2022-01-27 23:42:33,562 DEBUG   SenderThread:1335954 [sender.py:send():238] send: history
2022-01-27 23:42:33,564 DEBUG   SenderThread:1335954 [sender.py:send():238] send: summary
2022-01-27 23:42:33,567 INFO    SenderThread:1335954 [sender.py:_save_file():960] saving file wandb-summary.json with policy end
2022-01-27 23:42:33,676 DEBUG   HandlerThread:1335954 [handler.py:handle_request():130] handle_request: stop_status
2022-01-27 23:42:33,677 DEBUG   SenderThread:1335954 [sender.py:send_request():252] send_request: stop_status
2022-01-27 23:42:33,680 INFO    Thread-8  :1335954 [dir_watcher.py:_on_file_modified():230] file/dir modified: /home/runnphoenix/work/flatland-rl/rainbow/wandb/run-20220127_234151-316aqpn8/files/wandb-summary.json
2022-01-27 23:42:34,680 INFO    Thread-8  :1335954 [dir_watcher.py:_on_file_modified():230] file/dir modified: /home/runnphoenix/work/flatland-rl/rainbow/wandb/run-20220127_234151-316aqpn8/files/output.log
2022-01-27 23:42:36,681 INFO    Thread-8  :1335954 [dir_watcher.py:_on_file_modified():230] file/dir modified: /home/runnphoenix/work/flatland-rl/rainbow/wandb/run-20220127_234151-316aqpn8/files/output.log
2022-01-27 23:42:37,060 DEBUG   SenderThread:1335954 [sender.py:send():238] send: stats
2022-01-27 23:42:50,048 DEBUG   HandlerThread:1335954 [handler.py:handle_request():130] handle_request: stop_status
2022-01-27 23:42:50,048 DEBUG   SenderThread:1335954 [sender.py:send_request():252] send_request: stop_status
2022-01-27 23:43:07,306 DEBUG   SenderThread:1335954 [sender.py:send():238] send: stats
2022-01-27 23:43:10,049 DEBUG   HandlerThread:1335954 [handler.py:handle_request():130] handle_request: stop_status
2022-01-27 23:43:10,049 DEBUG   SenderThread:1335954 [sender.py:send_request():252] send_request: stop_status
2022-01-27 23:43:25,889 DEBUG   HandlerThread:1335954 [handler.py:handle_request():130] handle_request: stop_status
2022-01-27 23:43:25,889 DEBUG   SenderThread:1335954 [sender.py:send_request():252] send_request: stop_status
2022-01-27 23:43:33,823 DEBUG   SenderThread:1335954 [sender.py:send():238] send: history
2022-01-27 23:43:33,825 DEBUG   SenderThread:1335954 [sender.py:send():238] send: summary
2022-01-27 23:43:33,829 INFO    SenderThread:1335954 [sender.py:_save_file():960] saving file wandb-summary.json with policy end
2022-01-27 23:43:34,697 INFO    Thread-8  :1335954 [dir_watcher.py:_on_file_modified():230] file/dir modified: /home/runnphoenix/work/flatland-rl/rainbow/wandb/run-20220127_234151-316aqpn8/files/wandb-summary.json
2022-01-27 23:43:36,698 INFO    Thread-8  :1335954 [dir_watcher.py:_on_file_modified():230] file/dir modified: /home/runnphoenix/work/flatland-rl/rainbow/wandb/run-20220127_234151-316aqpn8/files/output.log
2022-01-27 23:43:37,540 DEBUG   SenderThread:1335954 [sender.py:send():238] send: stats
2022-01-27 23:43:45,372 DEBUG   HandlerThread:1335954 [handler.py:handle_request():130] handle_request: stop_status
2022-01-27 23:43:45,372 DEBUG   SenderThread:1335954 [sender.py:send_request():252] send_request: stop_status
2022-01-27 23:44:03,470 DEBUG   HandlerThread:1335954 [handler.py:handle_request():130] handle_request: stop_status
2022-01-27 23:44:03,470 DEBUG   SenderThread:1335954 [sender.py:send_request():252] send_request: stop_status
2022-01-27 23:44:13,964 DEBUG   SenderThread:1335954 [sender.py:send():238] send: stats
2022-01-27 23:44:23,471 DEBUG   HandlerThread:1335954 [handler.py:handle_request():130] handle_request: stop_status
2022-01-27 23:44:23,472 DEBUG   SenderThread:1335954 [sender.py:send_request():252] send_request: stop_status
2022-01-27 23:44:38,041 DEBUG   SenderThread:1335954 [sender.py:send():238] send: stats
2022-01-27 23:44:43,472 DEBUG   HandlerThread:1335954 [handler.py:handle_request():130] handle_request: stop_status
2022-01-27 23:44:43,472 DEBUG   SenderThread:1335954 [sender.py:send_request():252] send_request: stop_status
2022-01-27 23:44:51,812 DEBUG   SenderThread:1335954 [sender.py:send():238] send: history
2022-01-27 23:44:51,814 DEBUG   SenderThread:1335954 [sender.py:send():238] send: summary
2022-01-27 23:44:51,818 INFO    SenderThread:1335954 [sender.py:_save_file():960] saving file wandb-summary.json with policy end
2022-01-27 23:44:52,718 INFO    Thread-8  :1335954 [dir_watcher.py:_on_file_modified():230] file/dir modified: /home/runnphoenix/work/flatland-rl/rainbow/wandb/run-20220127_234151-316aqpn8/files/wandb-summary.json
2022-01-27 23:44:52,718 INFO    Thread-8  :1335954 [dir_watcher.py:_on_file_modified():230] file/dir modified: /home/runnphoenix/work/flatland-rl/rainbow/wandb/run-20220127_234151-316aqpn8/files/output.log
2022-01-27 23:44:59,690 DEBUG   HandlerThread:1335954 [handler.py:handle_request():130] handle_request: stop_status
2022-01-27 23:44:59,690 DEBUG   SenderThread:1335954 [sender.py:send_request():252] send_request: stop_status
2022-01-27 23:45:10,742 DEBUG   SenderThread:1335954 [sender.py:send():238] send: stats
2022-01-27 23:45:19,691 DEBUG   HandlerThread:1335954 [handler.py:handle_request():130] handle_request: stop_status
2022-01-27 23:45:19,691 DEBUG   SenderThread:1335954 [sender.py:send_request():252] send_request: stop_status
2022-01-27 23:45:37,466 ERROR   SenderThread:1335954 [retry.py:__call__():126] Retry attempt failed:
Traceback (most recent call last):
  File "/home/runnphoenix/anaconda3/lib/python3.8/site-packages/urllib3/connectionpool.py", line 696, in urlopen
    self._prepare_proxy(conn)
  File "/home/runnphoenix/anaconda3/lib/python3.8/site-packages/urllib3/connectionpool.py", line 964, in _prepare_proxy
    conn.connect()
  File "/home/runnphoenix/anaconda3/lib/python3.8/site-packages/urllib3/connection.py", line 411, in connect
    self.sock = ssl_wrap_socket(
  File "/home/runnphoenix/anaconda3/lib/python3.8/site-packages/urllib3/util/ssl_.py", line 428, in ssl_wrap_socket
    ssl_sock = _ssl_wrap_socket_impl(
  File "/home/runnphoenix/anaconda3/lib/python3.8/site-packages/urllib3/util/ssl_.py", line 472, in _ssl_wrap_socket_impl
    return ssl_context.wrap_socket(sock, server_hostname=server_hostname)
  File "/home/runnphoenix/anaconda3/lib/python3.8/ssl.py", line 500, in wrap_socket
    return self.sslsocket_class._create(
  File "/home/runnphoenix/anaconda3/lib/python3.8/ssl.py", line 1040, in _create
    self.do_handshake()
  File "/home/runnphoenix/anaconda3/lib/python3.8/ssl.py", line 1309, in do_handshake
    self._sslobj.do_handshake()
OSError: [Errno 0] Error

During handling of the above exception, another exception occurred:

Traceback (most recent call last):
  File "/home/runnphoenix/anaconda3/lib/python3.8/site-packages/requests/adapters.py", line 439, in send
    resp = conn.urlopen(
  File "/home/runnphoenix/anaconda3/lib/python3.8/site-packages/urllib3/connectionpool.py", line 755, in urlopen
    retries = retries.increment(
  File "/home/runnphoenix/anaconda3/lib/python3.8/site-packages/urllib3/util/retry.py", line 573, in increment
    raise MaxRetryError(_pool, url, error or ResponseError(cause))
urllib3.exceptions.MaxRetryError: HTTPSConnectionPool(host='api.wandb.ai', port=443): Max retries exceeded with url: /graphql (Caused by ProxyError('Cannot connect to proxy.', OSError(0, 'Error')))

During handling of the above exception, another exception occurred:

Traceback (most recent call last):
  File "/home/runnphoenix/anaconda3/lib/python3.8/site-packages/wandb/sdk/lib/retry.py", line 102, in __call__
    result = self._call_fn(*args, **kwargs)
  File "/home/runnphoenix/anaconda3/lib/python3.8/site-packages/wandb/sdk/internal/internal_api.py", line 141, in execute
    return self.client.execute(*args, **kwargs)
  File "/home/runnphoenix/anaconda3/lib/python3.8/site-packages/wandb/vendor/gql-0.2.0/gql/client.py", line 52, in execute
    result = self._get_result(document, *args, **kwargs)
  File "/home/runnphoenix/anaconda3/lib/python3.8/site-packages/wandb/vendor/gql-0.2.0/gql/client.py", line 60, in _get_result
    return self.transport.execute(document, *args, **kwargs)
  File "/home/runnphoenix/anaconda3/lib/python3.8/site-packages/wandb/vendor/gql-0.2.0/gql/transport/requests.py", line 38, in execute
    request = requests.post(self.url, **post_args)
  File "/home/runnphoenix/anaconda3/lib/python3.8/site-packages/requests/api.py", line 119, in post
    return request('post', url, data=data, json=json, **kwargs)
  File "/home/runnphoenix/anaconda3/lib/python3.8/site-packages/requests/api.py", line 61, in request
    return session.request(method=method, url=url, **kwargs)
  File "/home/runnphoenix/anaconda3/lib/python3.8/site-packages/requests/sessions.py", line 542, in request
    resp = self.send(prep, **send_kwargs)
  File "/home/runnphoenix/anaconda3/lib/python3.8/site-packages/requests/sessions.py", line 655, in send
    r = adapter.send(request, **kwargs)
  File "/home/runnphoenix/anaconda3/lib/python3.8/site-packages/requests/adapters.py", line 510, in send
    raise ProxyError(e, request=request)
requests.exceptions.ProxyError: HTTPSConnectionPool(host='api.wandb.ai', port=443): Max retries exceeded with url: /graphql (Caused by ProxyError('Cannot connect to proxy.', OSError(0, 'Error')))
2022-01-27 23:45:39,692 DEBUG   HandlerThread:1335954 [handler.py:handle_request():130] handle_request: stop_status
2022-01-27 23:45:43,059 DEBUG   SenderThread:1335954 [sender.py:send():238] send: stats
2022-01-27 23:45:43,059 DEBUG   SenderThread:1335954 [sender.py:send_request():252] send_request: stop_status
2022-01-27 23:45:59,230 DEBUG   HandlerThread:1335954 [handler.py:handle_request():130] handle_request: stop_status
2022-01-27 23:45:59,230 DEBUG   SenderThread:1335954 [sender.py:send_request():252] send_request: stop_status
2022-01-27 23:46:08,755 DEBUG   SenderThread:1335954 [sender.py:send():238] send: stats
2022-01-27 23:46:14,956 DEBUG   HandlerThread:1335954 [handler.py:handle_request():130] handle_request: stop_status
2022-01-27 23:46:14,957 DEBUG   SenderThread:1335954 [sender.py:send_request():252] send_request: stop_status
2022-01-27 23:46:29,297 DEBUG   SenderThread:1335954 [sender.py:send():238] send: history
2022-01-27 23:46:29,299 DEBUG   SenderThread:1335954 [sender.py:send():238] send: summary
2022-01-27 23:46:29,303 INFO    SenderThread:1335954 [sender.py:_save_file():960] saving file wandb-summary.json with policy end
2022-01-27 23:46:29,744 INFO    Thread-8  :1335954 [dir_watcher.py:_on_file_modified():230] file/dir modified: /home/runnphoenix/work/flatland-rl/rainbow/wandb/run-20220127_234151-316aqpn8/files/wandb-summary.json
2022-01-27 23:46:30,727 DEBUG   HandlerThread:1335954 [handler.py:handle_request():130] handle_request: stop_status
2022-01-27 23:46:30,727 DEBUG   SenderThread:1335954 [sender.py:send_request():252] send_request: stop_status
2022-01-27 23:46:30,745 INFO    Thread-8  :1335954 [dir_watcher.py:_on_file_modified():230] file/dir modified: /home/runnphoenix/work/flatland-rl/rainbow/wandb/run-20220127_234151-316aqpn8/files/output.log
2022-01-27 23:46:38,992 DEBUG   SenderThread:1335954 [sender.py:send():238] send: stats
2022-01-27 23:46:47,009 DEBUG   HandlerThread:1335954 [handler.py:handle_request():130] handle_request: stop_status
2022-01-27 23:46:47,009 DEBUG   SenderThread:1335954 [sender.py:send_request():252] send_request: stop_status
2022-01-27 23:47:03,393 DEBUG   HandlerThread:1335954 [handler.py:handle_request():130] handle_request: stop_status
2022-01-27 23:47:03,393 DEBUG   SenderThread:1335954 [sender.py:send_request():252] send_request: stop_status
2022-01-27 23:47:09,252 DEBUG   SenderThread:1335954 [sender.py:send():238] send: stats
2022-01-27 23:47:19,160 DEBUG   HandlerThread:1335954 [handler.py:handle_request():130] handle_request: stop_status
2022-01-27 23:47:19,160 DEBUG   SenderThread:1335954 [sender.py:send_request():252] send_request: stop_status
2022-01-27 23:47:35,139 DEBUG   HandlerThread:1335954 [handler.py:handle_request():130] handle_request: stop_status
2022-01-27 23:47:35,139 DEBUG   SenderThread:1335954 [sender.py:send_request():252] send_request: stop_status
2022-01-27 23:47:39,482 DEBUG   SenderThread:1335954 [sender.py:send():238] send: stats
2022-01-27 23:47:51,218 DEBUG   HandlerThread:1335954 [handler.py:handle_request():130] handle_request: stop_status
2022-01-27 23:47:51,218 DEBUG   SenderThread:1335954 [sender.py:send_request():252] send_request: stop_status
2022-01-27 23:48:08,829 DEBUG   HandlerThread:1335954 [handler.py:handle_request():130] handle_request: stop_status
2022-01-27 23:48:08,829 DEBUG   SenderThread:1335954 [sender.py:send_request():252] send_request: stop_status
2022-01-27 23:48:11,339 DEBUG   SenderThread:1335954 [sender.py:send():238] send: stats
2022-01-27 23:48:26,341 DEBUG   HandlerThread:1335954 [handler.py:handle_request():130] handle_request: stop_status
2022-01-27 23:48:26,341 DEBUG   SenderThread:1335954 [sender.py:send_request():252] send_request: stop_status
2022-01-27 23:48:35,763 DEBUG   SenderThread:1335954 [sender.py:send():238] send: history
2022-01-27 23:48:35,765 DEBUG   SenderThread:1335954 [sender.py:send():238] send: summary
2022-01-27 23:48:35,767 INFO    SenderThread:1335954 [sender.py:_save_file():960] saving file wandb-summary.json with policy end
2022-01-27 23:48:35,778 INFO    Thread-8  :1335954 [dir_watcher.py:_on_file_modified():230] file/dir modified: /home/runnphoenix/work/flatland-rl/rainbow/wandb/run-20220127_234151-316aqpn8/files/wandb-summary.json
2022-01-27 23:48:38,779 INFO    Thread-8  :1335954 [dir_watcher.py:_on_file_modified():230] file/dir modified: /home/runnphoenix/work/flatland-rl/rainbow/wandb/run-20220127_234151-316aqpn8/files/output.log
2022-01-27 23:48:39,964 DEBUG   SenderThread:1335954 [sender.py:send():238] send: stats
2022-01-27 23:48:43,240 DEBUG   HandlerThread:1335954 [handler.py:handle_request():130] handle_request: stop_status
2022-01-27 23:48:43,240 DEBUG   SenderThread:1335954 [sender.py:send_request():252] send_request: stop_status
2022-01-27 23:48:59,622 DEBUG   HandlerThread:1335954 [handler.py:handle_request():130] handle_request: stop_status
2022-01-27 23:48:59,622 DEBUG   SenderThread:1335954 [sender.py:send_request():252] send_request: stop_status
2022-01-27 23:49:10,205 DEBUG   SenderThread:1335954 [sender.py:send():238] send: stats
2022-01-27 23:49:15,596 DEBUG   HandlerThread:1335954 [handler.py:handle_request():130] handle_request: stop_status
2022-01-27 23:49:15,596 DEBUG   SenderThread:1335954 [sender.py:send_request():252] send_request: stop_status
2022-01-27 23:49:31,366 DEBUG   HandlerThread:1335954 [handler.py:handle_request():130] handle_request: stop_status
2022-01-27 23:49:31,366 DEBUG   SenderThread:1335954 [sender.py:send_request():252] send_request: stop_status
2022-01-27 23:49:40,452 DEBUG   SenderThread:1335954 [sender.py:send():238] send: stats
2022-01-27 23:49:47,136 DEBUG   HandlerThread:1335954 [handler.py:handle_request():130] handle_request: stop_status
2022-01-27 23:49:47,136 DEBUG   SenderThread:1335954 [sender.py:send_request():252] send_request: stop_status
2022-01-27 23:50:07,137 DEBUG   HandlerThread:1335954 [handler.py:handle_request():130] handle_request: stop_status
2022-01-27 23:50:07,137 DEBUG   SenderThread:1335954 [sender.py:send_request():252] send_request: stop_status
2022-01-27 23:50:10,690 DEBUG   SenderThread:1335954 [sender.py:send():238] send: stats
2022-01-27 23:50:23,079 DEBUG   HandlerThread:1335954 [handler.py:handle_request():130] handle_request: stop_status
2022-01-27 23:50:23,080 DEBUG   SenderThread:1335954 [sender.py:send_request():252] send_request: stop_status
2022-01-27 23:50:39,464 DEBUG   HandlerThread:1335954 [handler.py:handle_request():130] handle_request: stop_status
2022-01-27 23:50:39,464 DEBUG   SenderThread:1335954 [sender.py:send_request():252] send_request: stop_status
2022-01-27 23:50:40,935 DEBUG   SenderThread:1335954 [sender.py:send():238] send: stats
2022-01-27 23:50:54,719 DEBUG   SenderThread:1335954 [sender.py:send():238] send: history
2022-01-27 23:50:54,721 DEBUG   SenderThread:1335954 [sender.py:send():238] send: summary
2022-01-27 23:50:54,723 INFO    SenderThread:1335954 [sender.py:_save_file():960] saving file wandb-summary.json with policy end
2022-01-27 23:50:54,816 INFO    Thread-8  :1335954 [dir_watcher.py:_on_file_modified():230] file/dir modified: /home/runnphoenix/work/flatland-rl/rainbow/wandb/run-20220127_234151-316aqpn8/files/wandb-summary.json
2022-01-27 23:50:55,849 DEBUG   HandlerThread:1335954 [handler.py:handle_request():130] handle_request: stop_status
2022-01-27 23:50:55,850 DEBUG   SenderThread:1335954 [sender.py:send_request():252] send_request: stop_status
2022-01-27 23:50:56,817 INFO    Thread-8  :1335954 [dir_watcher.py:_on_file_modified():230] file/dir modified: /home/runnphoenix/work/flatland-rl/rainbow/wandb/run-20220127_234151-316aqpn8/files/output.log
2022-01-27 23:51:11,171 DEBUG   SenderThread:1335954 [sender.py:send():238] send: stats
2022-01-27 23:51:14,178 DEBUG   HandlerThread:1335954 [handler.py:handle_request():130] handle_request: stop_status
2022-01-27 23:51:14,178 DEBUG   SenderThread:1335954 [sender.py:send_request():252] send_request: stop_status
2022-01-27 23:51:30,051 DEBUG   HandlerThread:1335954 [handler.py:handle_request():130] handle_request: stop_status
2022-01-27 23:51:30,051 DEBUG   SenderThread:1335954 [sender.py:send_request():252] send_request: stop_status
2022-01-27 23:51:41,414 DEBUG   SenderThread:1335954 [sender.py:send():238] send: stats
2022-01-27 23:51:46,231 DEBUG   HandlerThread:1335954 [handler.py:handle_request():130] handle_request: stop_status
2022-01-27 23:51:46,231 DEBUG   SenderThread:1335954 [sender.py:send_request():252] send_request: stop_status
2022-01-27 23:52:03,331 DEBUG   HandlerThread:1335954 [handler.py:handle_request():130] handle_request: stop_status
2022-01-27 23:52:03,331 DEBUG   SenderThread:1335954 [sender.py:send_request():252] send_request: stop_status
2022-01-27 23:52:11,648 DEBUG   SenderThread:1335954 [sender.py:send():238] send: stats
2022-01-27 23:52:19,101 DEBUG   HandlerThread:1335954 [handler.py:handle_request():130] handle_request: stop_status
2022-01-27 23:52:19,102 DEBUG   SenderThread:1335954 [sender.py:send_request():252] send_request: stop_status
2022-01-27 23:52:35,486 DEBUG   HandlerThread:1335954 [handler.py:handle_request():130] handle_request: stop_status
2022-01-27 23:52:35,486 DEBUG   SenderThread:1335954 [sender.py:send_request():252] send_request: stop_status
2022-01-27 23:52:41,884 DEBUG   SenderThread:1335954 [sender.py:send():238] send: stats
2022-01-27 23:52:52,487 DEBUG   HandlerThread:1335954 [handler.py:handle_request():130] handle_request: stop_status
2022-01-27 23:52:52,487 DEBUG   SenderThread:1335954 [sender.py:send_request():252] send_request: stop_status
2022-01-27 23:53:11,123 DEBUG   HandlerThread:1335954 [handler.py:handle_request():130] handle_request: stop_status
2022-01-27 23:53:11,123 DEBUG   SenderThread:1335954 [sender.py:send_request():252] send_request: stop_status
2022-01-27 23:53:12,197 DEBUG   SenderThread:1335954 [sender.py:send():238] send: stats
2022-01-27 23:53:27,199 DEBUG   HandlerThread:1335954 [handler.py:handle_request():130] handle_request: stop_status
2022-01-27 23:53:27,199 DEBUG   SenderThread:1335954 [sender.py:send_request():252] send_request: stop_status
2022-01-27 23:53:42,368 DEBUG   SenderThread:1335954 [sender.py:send():238] send: stats
2022-01-27 23:53:43,173 DEBUG   HandlerThread:1335954 [handler.py:handle_request():130] handle_request: stop_status
2022-01-27 23:53:43,174 DEBUG   SenderThread:1335954 [sender.py:send_request():252] send_request: stop_status
2022-01-27 23:53:56,498 DEBUG   SenderThread:1335954 [sender.py:send():238] send: history
2022-01-27 23:53:56,499 DEBUG   SenderThread:1335954 [sender.py:send():238] send: summary
2022-01-27 23:53:56,503 INFO    SenderThread:1335954 [sender.py:_save_file():960] saving file wandb-summary.json with policy end
2022-01-27 23:53:56,867 INFO    Thread-8  :1335954 [dir_watcher.py:_on_file_modified():230] file/dir modified: /home/runnphoenix/work/flatland-rl/rainbow/wandb/run-20220127_234151-316aqpn8/files/wandb-summary.json
2022-01-27 23:53:57,876 DEBUG   SenderThread:1335954 [sender.py:send():238] send: history
2022-01-27 23:53:57,878 DEBUG   SenderThread:1335954 [sender.py:send():238] send: summary
2022-01-27 23:53:57,880 INFO    SenderThread:1335954 [sender.py:_save_file():960] saving file wandb-summary.json with policy end
2022-01-27 23:53:58,868 INFO    Thread-8  :1335954 [dir_watcher.py:_on_file_modified():230] file/dir modified: /home/runnphoenix/work/flatland-rl/rainbow/wandb/run-20220127_234151-316aqpn8/files/wandb-summary.json
2022-01-27 23:53:58,868 INFO    Thread-8  :1335954 [dir_watcher.py:_on_file_modified():230] file/dir modified: /home/runnphoenix/work/flatland-rl/rainbow/wandb/run-20220127_234151-316aqpn8/files/output.log
2022-01-27 23:53:59,148 DEBUG   HandlerThread:1335954 [handler.py:handle_request():130] handle_request: stop_status
2022-01-27 23:53:59,149 DEBUG   SenderThread:1335954 [sender.py:send_request():252] send_request: stop_status
2022-01-27 23:54:12,615 DEBUG   SenderThread:1335954 [sender.py:send():238] send: stats
2022-01-27 23:54:15,448 DEBUG   HandlerThread:1335954 [handler.py:handle_request():130] handle_request: stop_status
2022-01-27 23:54:15,448 DEBUG   SenderThread:1335954 [sender.py:send_request():252] send_request: stop_status
2022-01-27 23:54:15,561 WARNING MainThread:1335954 [internal.py:wandb_internal():146] Internal process interrupt: 1
2022-01-27 23:54:16,349 DEBUG   SenderThread:1335954 [sender.py:send():238] send: history
2022-01-27 23:54:16,351 DEBUG   SenderThread:1335954 [sender.py:send():238] send: summary
2022-01-27 23:54:16,353 INFO    SenderThread:1335954 [sender.py:_save_file():960] saving file wandb-summary.json with policy end
2022-01-27 23:54:16,873 INFO    Thread-8  :1335954 [dir_watcher.py:_on_file_modified():230] file/dir modified: /home/runnphoenix/work/flatland-rl/rainbow/wandb/run-20220127_234151-316aqpn8/files/wandb-summary.json
2022-01-27 23:54:16,873 INFO    Thread-8  :1335954 [dir_watcher.py:_on_file_modified():230] file/dir modified: /home/runnphoenix/work/flatland-rl/rainbow/wandb/run-20220127_234151-316aqpn8/files/output.log
2022-01-27 23:54:18,560 DEBUG   HandlerThread:1335954 [handler.py:handle_request():130] handle_request: poll_exit
2022-01-27 23:54:18,560 DEBUG   SenderThread:1335954 [sender.py:send():238] send: telemetry
2022-01-27 23:54:18,561 DEBUG   SenderThread:1335954 [sender.py:send():238] send: exit
2022-01-27 23:54:18,561 INFO    SenderThread:1335954 [sender.py:send_exit():370] handling exit code: 255
2022-01-27 23:54:18,561 INFO    SenderThread:1335954 [sender.py:send_exit():372] handling runtime: 729
2022-01-27 23:54:18,562 INFO    SenderThread:1335954 [sender.py:_save_file():960] saving file wandb-summary.json with policy end
2022-01-27 23:54:18,562 INFO    SenderThread:1335954 [sender.py:send_exit():382] send defer
2022-01-27 23:54:18,562 DEBUG   SenderThread:1335954 [sender.py:send_request():252] send_request: poll_exit
2022-01-27 23:54:18,563 DEBUG   HandlerThread:1335954 [handler.py:handle_request():130] handle_request: defer
2022-01-27 23:54:18,563 INFO    HandlerThread:1335954 [handler.py:handle_request_defer():147] handle defer: 0
2022-01-27 23:54:18,563 DEBUG   SenderThread:1335954 [sender.py:send_request():252] send_request: defer
2022-01-27 23:54:18,563 INFO    SenderThread:1335954 [sender.py:send_request_defer():391] handle sender defer: 0
2022-01-27 23:54:18,563 INFO    SenderThread:1335954 [sender.py:transition_state():395] send defer: 1
2022-01-27 23:54:18,563 DEBUG   HandlerThread:1335954 [handler.py:handle_request():130] handle_request: defer
2022-01-27 23:54:18,563 INFO    HandlerThread:1335954 [handler.py:handle_request_defer():147] handle defer: 1
2022-01-27 23:54:18,664 DEBUG   SenderThread:1335954 [sender.py:send_request():252] send_request: defer
2022-01-27 23:54:18,664 DEBUG   HandlerThread:1335954 [handler.py:handle_request():130] handle_request: poll_exit
2022-01-27 23:54:18,664 INFO    SenderThread:1335954 [sender.py:send_request_defer():391] handle sender defer: 1
2022-01-27 23:54:18,664 INFO    SenderThread:1335954 [sender.py:transition_state():395] send defer: 2
2022-01-27 23:54:18,664 DEBUG   SenderThread:1335954 [sender.py:send():238] send: stats
2022-01-27 23:54:18,665 DEBUG   SenderThread:1335954 [sender.py:send_request():252] send_request: poll_exit
2022-01-27 23:54:18,665 DEBUG   HandlerThread:1335954 [handler.py:handle_request():130] handle_request: defer
2022-01-27 23:54:18,665 INFO    HandlerThread:1335954 [handler.py:handle_request_defer():147] handle defer: 2
2022-01-27 23:54:18,666 DEBUG   SenderThread:1335954 [sender.py:send_request():252] send_request: defer
2022-01-27 23:54:18,666 INFO    SenderThread:1335954 [sender.py:send_request_defer():391] handle sender defer: 2
2022-01-27 23:54:18,666 INFO    SenderThread:1335954 [sender.py:transition_state():395] send defer: 3
2022-01-27 23:54:18,666 DEBUG   HandlerThread:1335954 [handler.py:handle_request():130] handle_request: defer
2022-01-27 23:54:18,666 INFO    HandlerThread:1335954 [handler.py:handle_request_defer():147] handle defer: 3
2022-01-27 23:54:18,668 DEBUG   SenderThread:1335954 [sender.py:send():238] send: summary
2022-01-27 23:54:18,670 INFO    SenderThread:1335954 [sender.py:_save_file():960] saving file wandb-summary.json with policy end
2022-01-27 23:54:18,670 DEBUG   SenderThread:1335954 [sender.py:send_request():252] send_request: defer
2022-01-27 23:54:18,670 INFO    SenderThread:1335954 [sender.py:send_request_defer():391] handle sender defer: 3
2022-01-27 23:54:18,670 INFO    SenderThread:1335954 [sender.py:transition_state():395] send defer: 4
2022-01-27 23:54:18,670 DEBUG   HandlerThread:1335954 [handler.py:handle_request():130] handle_request: defer
2022-01-27 23:54:18,671 INFO    HandlerThread:1335954 [handler.py:handle_request_defer():147] handle defer: 4
2022-01-27 23:54:18,671 DEBUG   SenderThread:1335954 [sender.py:send_request():252] send_request: defer
2022-01-27 23:54:18,671 INFO    SenderThread:1335954 [sender.py:send_request_defer():391] handle sender defer: 4
2022-01-27 23:54:18,766 DEBUG   HandlerThread:1335954 [handler.py:handle_request():130] handle_request: poll_exit
2022-01-27 23:54:18,874 INFO    Thread-8  :1335954 [dir_watcher.py:_on_file_modified():230] file/dir modified: /home/runnphoenix/work/flatland-rl/rainbow/wandb/run-20220127_234151-316aqpn8/files/wandb-summary.json
2022-01-27 23:54:18,874 INFO    Thread-8  :1335954 [dir_watcher.py:_on_file_modified():230] file/dir modified: /home/runnphoenix/work/flatland-rl/rainbow/wandb/run-20220127_234151-316aqpn8/files/output.log
2022-01-27 23:54:19,588 INFO    SenderThread:1335954 [sender.py:transition_state():395] send defer: 5
2022-01-27 23:54:19,589 DEBUG   SenderThread:1335954 [sender.py:send_request():252] send_request: poll_exit
2022-01-27 23:54:19,589 DEBUG   HandlerThread:1335954 [handler.py:handle_request():130] handle_request: defer
2022-01-27 23:54:19,589 INFO    HandlerThread:1335954 [handler.py:handle_request_defer():147] handle defer: 5
2022-01-27 23:54:19,589 DEBUG   SenderThread:1335954 [sender.py:send_request():252] send_request: defer
2022-01-27 23:54:19,589 INFO    SenderThread:1335954 [sender.py:send_request_defer():391] handle sender defer: 5
2022-01-27 23:54:19,589 INFO    SenderThread:1335954 [dir_watcher.py:finish():283] shutting down directory watcher
2022-01-27 23:54:19,690 DEBUG   HandlerThread:1335954 [handler.py:handle_request():130] handle_request: poll_exit
2022-01-27 23:54:19,874 INFO    Thread-8  :1335954 [dir_watcher.py:_on_file_modified():230] file/dir modified: /home/runnphoenix/work/flatland-rl/rainbow/wandb/run-20220127_234151-316aqpn8/files/config.yaml
2022-01-27 23:54:19,875 INFO    SenderThread:1335954 [dir_watcher.py:finish():313] scan: /home/runnphoenix/work/flatland-rl/rainbow/wandb/run-20220127_234151-316aqpn8/files
2022-01-27 23:54:19,875 INFO    SenderThread:1335954 [dir_watcher.py:finish():327] scan save: /home/runnphoenix/work/flatland-rl/rainbow/wandb/run-20220127_234151-316aqpn8/files/config.yaml config.yaml
2022-01-27 23:54:19,876 INFO    SenderThread:1335954 [dir_watcher.py:finish():327] scan save: /home/runnphoenix/work/flatland-rl/rainbow/wandb/run-20220127_234151-316aqpn8/files/requirements.txt requirements.txt
2022-01-27 23:54:19,876 INFO    SenderThread:1335954 [dir_watcher.py:finish():327] scan save: /home/runnphoenix/work/flatland-rl/rainbow/wandb/run-20220127_234151-316aqpn8/files/output.log output.log
2022-01-27 23:54:19,876 INFO    SenderThread:1335954 [dir_watcher.py:finish():327] scan save: /home/runnphoenix/work/flatland-rl/rainbow/wandb/run-20220127_234151-316aqpn8/files/wandb-summary.json wandb-summary.json
2022-01-27 23:54:19,876 INFO    SenderThread:1335954 [dir_watcher.py:finish():327] scan save: /home/runnphoenix/work/flatland-rl/rainbow/wandb/run-20220127_234151-316aqpn8/files/conda-environment.yaml conda-environment.yaml
2022-01-27 23:54:19,876 INFO    SenderThread:1335954 [dir_watcher.py:finish():327] scan save: /home/runnphoenix/work/flatland-rl/rainbow/wandb/run-20220127_234151-316aqpn8/files/wandb-metadata.json wandb-metadata.json
2022-01-27 23:54:19,876 INFO    SenderThread:1335954 [sender.py:transition_state():395] send defer: 6
2022-01-27 23:54:19,876 DEBUG   SenderThread:1335954 [sender.py:send_request():252] send_request: poll_exit
2022-01-27 23:54:19,877 DEBUG   HandlerThread:1335954 [handler.py:handle_request():130] handle_request: defer
2022-01-27 23:54:19,880 INFO    HandlerThread:1335954 [handler.py:handle_request_defer():147] handle defer: 6
2022-01-27 23:54:19,884 DEBUG   SenderThread:1335954 [sender.py:send_request():252] send_request: defer
2022-01-27 23:54:19,884 INFO    SenderThread:1335954 [sender.py:send_request_defer():391] handle sender defer: 6
2022-01-27 23:54:19,884 INFO    SenderThread:1335954 [file_pusher.py:finish():177] shutting down file pusher
2022-01-27 23:54:19,978 DEBUG   HandlerThread:1335954 [handler.py:handle_request():130] handle_request: poll_exit
2022-01-27 23:54:19,978 DEBUG   SenderThread:1335954 [sender.py:send_request():252] send_request: poll_exit
2022-01-27 23:54:20,080 DEBUG   HandlerThread:1335954 [handler.py:handle_request():130] handle_request: poll_exit
2022-01-27 23:54:20,080 DEBUG   SenderThread:1335954 [sender.py:send_request():252] send_request: poll_exit
2022-01-27 23:54:20,182 DEBUG   HandlerThread:1335954 [handler.py:handle_request():130] handle_request: poll_exit
2022-01-27 23:54:20,182 DEBUG   SenderThread:1335954 [sender.py:send_request():252] send_request: poll_exit
2022-01-27 23:54:20,283 DEBUG   HandlerThread:1335954 [handler.py:handle_request():130] handle_request: poll_exit
2022-01-27 23:54:20,283 DEBUG   SenderThread:1335954 [sender.py:send_request():252] send_request: poll_exit
2022-01-27 23:54:20,385 DEBUG   HandlerThread:1335954 [handler.py:handle_request():130] handle_request: poll_exit
2022-01-27 23:54:20,385 DEBUG   SenderThread:1335954 [sender.py:send_request():252] send_request: poll_exit
2022-01-27 23:54:20,487 DEBUG   HandlerThread:1335954 [handler.py:handle_request():130] handle_request: poll_exit
2022-01-27 23:54:20,487 DEBUG   SenderThread:1335954 [sender.py:send_request():252] send_request: poll_exit
2022-01-27 23:54:20,588 DEBUG   HandlerThread:1335954 [handler.py:handle_request():130] handle_request: poll_exit
2022-01-27 23:54:20,588 DEBUG   SenderThread:1335954 [sender.py:send_request():252] send_request: poll_exit
2022-01-27 23:54:20,690 DEBUG   HandlerThread:1335954 [handler.py:handle_request():130] handle_request: poll_exit
2022-01-27 23:54:20,690 DEBUG   SenderThread:1335954 [sender.py:send_request():252] send_request: poll_exit
2022-01-27 23:54:20,791 DEBUG   HandlerThread:1335954 [handler.py:handle_request():130] handle_request: poll_exit
2022-01-27 23:54:20,792 DEBUG   SenderThread:1335954 [sender.py:send_request():252] send_request: poll_exit
2022-01-27 23:54:20,893 DEBUG   HandlerThread:1335954 [handler.py:handle_request():130] handle_request: poll_exit
2022-01-27 23:54:20,893 DEBUG   SenderThread:1335954 [sender.py:send_request():252] send_request: poll_exit
2022-01-27 23:54:20,995 DEBUG   HandlerThread:1335954 [handler.py:handle_request():130] handle_request: poll_exit
2022-01-27 23:54:20,995 DEBUG   SenderThread:1335954 [sender.py:send_request():252] send_request: poll_exit
2022-01-27 23:54:21,096 DEBUG   HandlerThread:1335954 [handler.py:handle_request():130] handle_request: poll_exit
2022-01-27 23:54:21,097 DEBUG   SenderThread:1335954 [sender.py:send_request():252] send_request: poll_exit
2022-01-27 23:54:21,198 DEBUG   HandlerThread:1335954 [handler.py:handle_request():130] handle_request: poll_exit
2022-01-27 23:54:21,198 DEBUG   SenderThread:1335954 [sender.py:send_request():252] send_request: poll_exit
2022-01-27 23:54:21,300 DEBUG   HandlerThread:1335954 [handler.py:handle_request():130] handle_request: poll_exit
2022-01-27 23:54:21,300 DEBUG   SenderThread:1335954 [sender.py:send_request():252] send_request: poll_exit
2022-01-27 23:54:21,402 DEBUG   HandlerThread:1335954 [handler.py:handle_request():130] handle_request: poll_exit
2022-01-27 23:54:21,402 DEBUG   SenderThread:1335954 [sender.py:send_request():252] send_request: poll_exit
2022-01-27 23:54:21,503 DEBUG   HandlerThread:1335954 [handler.py:handle_request():130] handle_request: poll_exit
2022-01-27 23:54:21,504 DEBUG   SenderThread:1335954 [sender.py:send_request():252] send_request: poll_exit
2022-01-27 23:54:21,605 DEBUG   HandlerThread:1335954 [handler.py:handle_request():130] handle_request: poll_exit
2022-01-27 23:54:21,605 DEBUG   SenderThread:1335954 [sender.py:send_request():252] send_request: poll_exit
2022-01-27 23:54:21,702 INFO    Thread-14 :1335954 [upload_job.py:push():137] Uploaded file /home/runnphoenix/work/flatland-rl/rainbow/wandb/run-20220127_234151-316aqpn8/files/output.log
2022-01-27 23:54:21,707 DEBUG   HandlerThread:1335954 [handler.py:handle_request():130] handle_request: poll_exit
2022-01-27 23:54:21,707 DEBUG   SenderThread:1335954 [sender.py:send_request():252] send_request: poll_exit
2022-01-27 23:54:21,721 INFO    Thread-13 :1335954 [upload_job.py:push():137] Uploaded file /home/runnphoenix/work/flatland-rl/rainbow/wandb/run-20220127_234151-316aqpn8/files/requirements.txt
2022-01-27 23:54:21,809 DEBUG   HandlerThread:1335954 [handler.py:handle_request():130] handle_request: poll_exit
2022-01-27 23:54:21,809 DEBUG   SenderThread:1335954 [sender.py:send_request():252] send_request: poll_exit
2022-01-27 23:54:21,910 DEBUG   HandlerThread:1335954 [handler.py:handle_request():130] handle_request: poll_exit
2022-01-27 23:54:21,910 DEBUG   SenderThread:1335954 [sender.py:send_request():252] send_request: poll_exit
2022-01-27 23:54:21,998 INFO    Thread-15 :1335954 [upload_job.py:push():137] Uploaded file /home/runnphoenix/work/flatland-rl/rainbow/wandb/run-20220127_234151-316aqpn8/files/wandb-summary.json
2022-01-27 23:54:22,012 DEBUG   HandlerThread:1335954 [handler.py:handle_request():130] handle_request: poll_exit
2022-01-27 23:54:22,012 DEBUG   SenderThread:1335954 [sender.py:send_request():252] send_request: poll_exit
2022-01-27 23:54:22,113 DEBUG   HandlerThread:1335954 [handler.py:handle_request():130] handle_request: poll_exit
2022-01-27 23:54:22,113 DEBUG   SenderThread:1335954 [sender.py:send_request():252] send_request: poll_exit
2022-01-27 23:54:22,215 DEBUG   HandlerThread:1335954 [handler.py:handle_request():130] handle_request: poll_exit
2022-01-27 23:54:22,215 DEBUG   SenderThread:1335954 [sender.py:send_request():252] send_request: poll_exit
2022-01-27 23:54:22,316 DEBUG   HandlerThread:1335954 [handler.py:handle_request():130] handle_request: poll_exit
2022-01-27 23:54:22,317 DEBUG   SenderThread:1335954 [sender.py:send_request():252] send_request: poll_exit
2022-01-27 23:54:22,418 DEBUG   HandlerThread:1335954 [handler.py:handle_request():130] handle_request: poll_exit
2022-01-27 23:54:22,418 DEBUG   SenderThread:1335954 [sender.py:send_request():252] send_request: poll_exit
2022-01-27 23:54:22,520 DEBUG   HandlerThread:1335954 [handler.py:handle_request():130] handle_request: poll_exit
2022-01-27 23:54:22,520 DEBUG   SenderThread:1335954 [sender.py:send_request():252] send_request: poll_exit
2022-01-27 23:54:22,621 DEBUG   HandlerThread:1335954 [handler.py:handle_request():130] handle_request: poll_exit
2022-01-27 23:54:22,622 DEBUG   SenderThread:1335954 [sender.py:send_request():252] send_request: poll_exit
2022-01-27 23:54:22,723 DEBUG   HandlerThread:1335954 [handler.py:handle_request():130] handle_request: poll_exit
2022-01-27 23:54:22,723 DEBUG   SenderThread:1335954 [sender.py:send_request():252] send_request: poll_exit
2022-01-27 23:54:22,825 DEBUG   HandlerThread:1335954 [handler.py:handle_request():130] handle_request: poll_exit
2022-01-27 23:54:22,825 DEBUG   SenderThread:1335954 [sender.py:send_request():252] send_request: poll_exit
2022-01-27 23:54:22,926 DEBUG   HandlerThread:1335954 [handler.py:handle_request():130] handle_request: poll_exit
2022-01-27 23:54:22,927 DEBUG   SenderThread:1335954 [sender.py:send_request():252] send_request: poll_exit
2022-01-27 23:54:23,028 DEBUG   HandlerThread:1335954 [handler.py:handle_request():130] handle_request: poll_exit
2022-01-27 23:54:23,028 DEBUG   SenderThread:1335954 [sender.py:send_request():252] send_request: poll_exit
2022-01-27 23:54:23,130 DEBUG   HandlerThread:1335954 [handler.py:handle_request():130] handle_request: poll_exit
2022-01-27 23:54:23,130 DEBUG   SenderThread:1335954 [sender.py:send_request():252] send_request: poll_exit
2022-01-27 23:54:23,231 DEBUG   HandlerThread:1335954 [handler.py:handle_request():130] handle_request: poll_exit
2022-01-27 23:54:23,232 DEBUG   SenderThread:1335954 [sender.py:send_request():252] send_request: poll_exit
2022-01-27 23:54:23,333 DEBUG   HandlerThread:1335954 [handler.py:handle_request():130] handle_request: poll_exit
2022-01-27 23:54:23,333 DEBUG   SenderThread:1335954 [sender.py:send_request():252] send_request: poll_exit
2022-01-27 23:54:23,434 DEBUG   HandlerThread:1335954 [handler.py:handle_request():130] handle_request: poll_exit
2022-01-27 23:54:23,435 DEBUG   SenderThread:1335954 [sender.py:send_request():252] send_request: poll_exit
2022-01-27 23:54:23,536 DEBUG   HandlerThread:1335954 [handler.py:handle_request():130] handle_request: poll_exit
2022-01-27 23:54:23,536 DEBUG   SenderThread:1335954 [sender.py:send_request():252] send_request: poll_exit
2022-01-27 23:54:23,638 DEBUG   HandlerThread:1335954 [handler.py:handle_request():130] handle_request: poll_exit
2022-01-27 23:54:23,638 DEBUG   SenderThread:1335954 [sender.py:send_request():252] send_request: poll_exit
2022-01-27 23:54:23,740 DEBUG   HandlerThread:1335954 [handler.py:handle_request():130] handle_request: poll_exit
2022-01-27 23:54:23,740 DEBUG   SenderThread:1335954 [sender.py:send_request():252] send_request: poll_exit
2022-01-27 23:54:23,841 DEBUG   HandlerThread:1335954 [handler.py:handle_request():130] handle_request: poll_exit
2022-01-27 23:54:23,842 DEBUG   SenderThread:1335954 [sender.py:send_request():252] send_request: poll_exit
2022-01-27 23:54:23,943 DEBUG   HandlerThread:1335954 [handler.py:handle_request():130] handle_request: poll_exit
2022-01-27 23:54:23,943 DEBUG   SenderThread:1335954 [sender.py:send_request():252] send_request: poll_exit
2022-01-27 23:54:24,045 DEBUG   HandlerThread:1335954 [handler.py:handle_request():130] handle_request: poll_exit
2022-01-27 23:54:24,045 DEBUG   SenderThread:1335954 [sender.py:send_request():252] send_request: poll_exit
2022-01-27 23:54:24,147 DEBUG   HandlerThread:1335954 [handler.py:handle_request():130] handle_request: poll_exit
2022-01-27 23:54:24,147 DEBUG   SenderThread:1335954 [sender.py:send_request():252] send_request: poll_exit
2022-01-27 23:54:24,248 DEBUG   HandlerThread:1335954 [handler.py:handle_request():130] handle_request: poll_exit
2022-01-27 23:54:24,249 DEBUG   SenderThread:1335954 [sender.py:send_request():252] send_request: poll_exit
2022-01-27 23:54:24,350 DEBUG   HandlerThread:1335954 [handler.py:handle_request():130] handle_request: poll_exit
2022-01-27 23:54:24,350 DEBUG   SenderThread:1335954 [sender.py:send_request():252] send_request: poll_exit
2022-01-27 23:54:24,452 DEBUG   HandlerThread:1335954 [handler.py:handle_request():130] handle_request: poll_exit
2022-01-27 23:54:24,452 DEBUG   SenderThread:1335954 [sender.py:send_request():252] send_request: poll_exit
2022-01-27 23:54:24,553 DEBUG   HandlerThread:1335954 [handler.py:handle_request():130] handle_request: poll_exit
2022-01-27 23:54:24,554 DEBUG   SenderThread:1335954 [sender.py:send_request():252] send_request: poll_exit
2022-01-27 23:54:24,655 DEBUG   HandlerThread:1335954 [handler.py:handle_request():130] handle_request: poll_exit
2022-01-27 23:54:24,655 DEBUG   SenderThread:1335954 [sender.py:send_request():252] send_request: poll_exit
2022-01-27 23:54:24,757 DEBUG   HandlerThread:1335954 [handler.py:handle_request():130] handle_request: poll_exit
2022-01-27 23:54:24,757 DEBUG   SenderThread:1335954 [sender.py:send_request():252] send_request: poll_exit
2022-01-27 23:54:24,858 DEBUG   HandlerThread:1335954 [handler.py:handle_request():130] handle_request: poll_exit
2022-01-27 23:54:24,858 DEBUG   SenderThread:1335954 [sender.py:send_request():252] send_request: poll_exit
2022-01-27 23:54:24,960 DEBUG   HandlerThread:1335954 [handler.py:handle_request():130] handle_request: poll_exit
2022-01-27 23:54:24,960 DEBUG   SenderThread:1335954 [sender.py:send_request():252] send_request: poll_exit
2022-01-27 23:54:25,062 DEBUG   HandlerThread:1335954 [handler.py:handle_request():130] handle_request: poll_exit
2022-01-27 23:54:25,062 DEBUG   SenderThread:1335954 [sender.py:send_request():252] send_request: poll_exit
2022-01-27 23:54:25,108 INFO    Thread-12 :1335954 [upload_job.py:push():137] Uploaded file /home/runnphoenix/work/flatland-rl/rainbow/wandb/run-20220127_234151-316aqpn8/files/config.yaml
2022-01-27 23:54:25,153 INFO    Thread-16 :1335954 [upload_job.py:push():137] Uploaded file /home/runnphoenix/work/flatland-rl/rainbow/wandb/run-20220127_234151-316aqpn8/files/conda-environment.yaml
2022-01-27 23:54:25,163 DEBUG   HandlerThread:1335954 [handler.py:handle_request():130] handle_request: poll_exit
2022-01-27 23:54:25,164 DEBUG   SenderThread:1335954 [sender.py:send_request():252] send_request: poll_exit
2022-01-27 23:54:25,265 DEBUG   HandlerThread:1335954 [handler.py:handle_request():130] handle_request: poll_exit
2022-01-27 23:54:25,265 DEBUG   SenderThread:1335954 [sender.py:send_request():252] send_request: poll_exit
2022-01-27 23:54:25,354 INFO    Thread-7  :1335954 [sender.py:transition_state():395] send defer: 7
2022-01-27 23:54:25,354 DEBUG   HandlerThread:1335954 [handler.py:handle_request():130] handle_request: defer
2022-01-27 23:54:25,355 INFO    HandlerThread:1335954 [handler.py:handle_request_defer():147] handle defer: 7
2022-01-27 23:54:25,355 DEBUG   SenderThread:1335954 [sender.py:send_request():252] send_request: defer
2022-01-27 23:54:25,355 INFO    SenderThread:1335954 [sender.py:send_request_defer():391] handle sender defer: 7
2022-01-27 23:54:25,367 DEBUG   HandlerThread:1335954 [handler.py:handle_request():130] handle_request: poll_exit
2022-01-27 23:54:26,540 INFO    SenderThread:1335954 [sender.py:transition_state():395] send defer: 8
2022-01-27 23:54:26,541 DEBUG   SenderThread:1335954 [sender.py:send_request():252] send_request: poll_exit
2022-01-27 23:54:26,541 DEBUG   HandlerThread:1335954 [handler.py:handle_request():130] handle_request: defer
2022-01-27 23:54:26,541 INFO    HandlerThread:1335954 [handler.py:handle_request_defer():147] handle defer: 8
2022-01-27 23:54:26,541 DEBUG   SenderThread:1335954 [sender.py:send_request():252] send_request: defer
2022-01-27 23:54:26,541 INFO    SenderThread:1335954 [sender.py:send_request_defer():391] handle sender defer: 8
2022-01-27 23:54:26,542 INFO    SenderThread:1335954 [sender.py:transition_state():395] send defer: 9
2022-01-27 23:54:26,543 DEBUG   HandlerThread:1335954 [handler.py:handle_request():130] handle_request: defer
2022-01-27 23:54:26,543 DEBUG   SenderThread:1335954 [sender.py:send():238] send: final
2022-01-27 23:54:26,543 INFO    HandlerThread:1335954 [handler.py:handle_request_defer():147] handle defer: 9
2022-01-27 23:54:26,543 DEBUG   SenderThread:1335954 [sender.py:send():238] send: footer
2022-01-27 23:54:26,543 DEBUG   SenderThread:1335954 [sender.py:send_request():252] send_request: defer
2022-01-27 23:54:26,543 INFO    SenderThread:1335954 [sender.py:send_request_defer():391] handle sender defer: 9
2022-01-27 23:54:26,642 DEBUG   HandlerThread:1335954 [handler.py:handle_request():130] handle_request: poll_exit
2022-01-27 23:54:26,642 DEBUG   SenderThread:1335954 [sender.py:send_request():252] send_request: poll_exit
2022-01-27 23:54:26,642 INFO    SenderThread:1335954 [file_pusher.py:join():182] waiting for file pusher
2022-01-27 23:54:29,616 DEBUG   HandlerThread:1335954 [handler.py:handle_request():130] handle_request: get_summary
2022-01-27 23:54:29,619 DEBUG   HandlerThread:1335954 [handler.py:handle_request():130] handle_request: sampled_history
2022-01-27 23:54:29,620 DEBUG   HandlerThread:1335954 [handler.py:handle_request():130] handle_request: shutdown
2022-01-27 23:54:29,620 INFO    HandlerThread:1335954 [handler.py:finish():731] shutting down handler
2022-01-27 23:54:30,543 INFO    WriterThread:1335954 [datastore.py:close():281] close: /home/runnphoenix/work/flatland-rl/rainbow/wandb/run-20220127_234151-316aqpn8/run-316aqpn8.wandb
2022-01-27 23:54:30,615 INFO    SenderThread:1335954 [sender.py:finish():1091] shutting down sender
2022-01-27 23:54:30,615 INFO    SenderThread:1335954 [file_pusher.py:finish():177] shutting down file pusher
2022-01-27 23:54:30,615 INFO    SenderThread:1335954 [file_pusher.py:join():182] waiting for file pusher
2022-01-27 23:54:30,617 INFO    MainThread:1335954 [internal.py:handle_exit():77] Internal process exited
